2020.06.23D06:05:00.909412000|jonny-macbook-pro.local|segmentedtp|stp1|INF|logging|creating alias using command ln -sf out_stp1_2020_06_23_06_05_00_901.log /Users/jonny/work/aq/git/TorQ/logs/out_stp1.log
################################################################################
#                                                                              #
#                                 TorQ v3.7.0                                  #
#                               AquaQ Analytics                                #
#                    kdb+ consultancy, training and support                    #
#                                                                              #
#      For questions, comments, requests or bug reports please contact us      #
#                           w :     www.aquaq.co.uk                            #
#                           e : support@aquaq.co.uk                            #
#                                                                              #
#                        Running on kdb+ 3.6 2018.08.24                        #
################################################################################
2020.06.23D06:05:00.915261000|jonny-macbook-pro.local|segmentedtp|stp1|INF|fileload|config file /Users/jonny/work/aq/git/TorQ/config/settings/default.q found
2020.06.23D06:05:00.915295000|jonny-macbook-pro.local|segmentedtp|stp1|INF|fileload|loading /Users/jonny/work/aq/git/TorQ/config/settings/default.q
2020.06.23D06:05:00.917111000|jonny-macbook-pro.local|segmentedtp|stp1|INF|fileload|successfully loaded /Users/jonny/work/aq/git/TorQ/config/settings/default.q
2020.06.23D06:05:00.917161000|jonny-macbook-pro.local|segmentedtp|stp1|INF|fileload|config file /Users/jonny/work/aq/git/TorQ/config/settings/segmentedtp.q not found
2020.06.23D06:05:00.917192000|jonny-macbook-pro.local|segmentedtp|stp1|INF|fileload|config file /Users/jonny/work/aq/git/TorQ/config/settings/stp1.q not found
2020.06.23D06:05:00.917213000|jonny-macbook-pro.local|segmentedtp|stp1|INF|fileload|environment variable KDBSERVCONFIG not set, not loading app specific config
2020.06.23D06:05:00.917233000|jonny-macbook-pro.local|segmentedtp|stp1|INF|fileload|environment variable KDBAPPCONFIG set, loading app specific config from /Users/jonny/work/aq/git/TorQ/appconfig/settings/
2020.06.23D06:05:00.917259000|jonny-macbook-pro.local|segmentedtp|stp1|INF|fileload|config file /Users/jonny/work/aq/git/TorQ/appconfig/settings/default.q not found
2020.06.23D06:05:00.917281000|jonny-macbook-pro.local|segmentedtp|stp1|INF|fileload|config file /Users/jonny/work/aq/git/TorQ/appconfig/settings/segmentedtp.q not found
2020.06.23D06:05:00.917301000|jonny-macbook-pro.local|segmentedtp|stp1|INF|fileload|config file /Users/jonny/work/aq/git/TorQ/appconfig/settings/stp1.q not found
2020.06.23D06:05:00.917380000|jonny-macbook-pro.local|segmentedtp|stp1|INF|init|.proc.loadcommoncode flag set to 1
2020.06.23D06:05:00.917406000|jonny-macbook-pro.local|segmentedtp|stp1|INF|init|.proc.loadprocesscode flag set to 0
2020.06.23D06:05:00.917431000|jonny-macbook-pro.local|segmentedtp|stp1|INF|init|.proc.loadnamecode flag set to 0
2020.06.23D06:05:00.917455000|jonny-macbook-pro.local|segmentedtp|stp1|INF|init|.proc.loadhandlers flag set to 1
2020.06.23D06:05:00.917478000|jonny-macbook-pro.local|segmentedtp|stp1|INF|init|.proc.logroll flag set to 1
2020.06.23D06:05:00.917554000|jonny-macbook-pro.local|segmentedtp|stp1|INF|fileload|loading q and k files from directory /Users/jonny/work/aq/git/TorQ/code/common
2020.06.23D06:05:00.917789000|jonny-macbook-pro.local|segmentedtp|stp1|INF|fileload|found load order file order.txt
2020.06.23D06:05:00.918143000|jonny-macbook-pro.local|segmentedtp|stp1|INF|fileload|loading files in order u.q api.q apidetails.q timer.q pubsub.q subscriptions.q timezone.q eodtime.q
2020.06.23D06:05:00.918206000|jonny-macbook-pro.local|segmentedtp|stp1|INF|fileload|loading /Users/jonny/work/aq/git/TorQ/code/common/u.q
2020.06.23D06:05:00.919108000|jonny-macbook-pro.local|segmentedtp|stp1|INF|fileload|successfully loaded /Users/jonny/work/aq/git/TorQ/code/common/u.q
2020.06.23D06:05:00.919162000|jonny-macbook-pro.local|segmentedtp|stp1|INF|fileload|loading /Users/jonny/work/aq/git/TorQ/code/common/api.q
2020.06.23D06:05:00.921309000|jonny-macbook-pro.local|segmentedtp|stp1|INF|fileload|successfully loaded /Users/jonny/work/aq/git/TorQ/code/common/api.q
2020.06.23D06:05:00.921346000|jonny-macbook-pro.local|segmentedtp|stp1|INF|fileload|loading /Users/jonny/work/aq/git/TorQ/code/common/apidetails.q
2020.06.23D06:05:00.923367000|jonny-macbook-pro.local|segmentedtp|stp1|INF|fileload|successfully loaded /Users/jonny/work/aq/git/TorQ/code/common/apidetails.q
2020.06.23D06:05:00.923407000|jonny-macbook-pro.local|segmentedtp|stp1|INF|fileload|loading /Users/jonny/work/aq/git/TorQ/code/common/timer.q
2020.06.23D06:05:00.925039000|jonny-macbook-pro.local|segmentedtp|stp1|INF|fileload|successfully loaded /Users/jonny/work/aq/git/TorQ/code/common/timer.q
2020.06.23D06:05:00.925074000|jonny-macbook-pro.local|segmentedtp|stp1|INF|fileload|loading /Users/jonny/work/aq/git/TorQ/code/common/pubsub.q
2020.06.23D06:05:00.925607000|jonny-macbook-pro.local|segmentedtp|stp1|INF|fileload|successfully loaded /Users/jonny/work/aq/git/TorQ/code/common/pubsub.q
2020.06.23D06:05:00.925641000|jonny-macbook-pro.local|segmentedtp|stp1|INF|fileload|loading /Users/jonny/work/aq/git/TorQ/code/common/subscriptions.q
2020.06.23D06:05:00.928597000|jonny-macbook-pro.local|segmentedtp|stp1|INF|fileload|successfully loaded /Users/jonny/work/aq/git/TorQ/code/common/subscriptions.q
2020.06.23D06:05:00.928745000|jonny-macbook-pro.local|segmentedtp|stp1|INF|fileload|loading /Users/jonny/work/aq/git/TorQ/code/common/timezone.q
2020.06.23D06:05:00.938139000|jonny-macbook-pro.local|segmentedtp|stp1|INF|fileload|successfully loaded /Users/jonny/work/aq/git/TorQ/code/common/timezone.q
2020.06.23D06:05:00.938177000|jonny-macbook-pro.local|segmentedtp|stp1|INF|fileload|loading /Users/jonny/work/aq/git/TorQ/code/common/eodtime.q
2020.06.23D06:05:00.939036000|jonny-macbook-pro.local|segmentedtp|stp1|INF|fileload|successfully loaded /Users/jonny/work/aq/git/TorQ/code/common/eodtime.q
2020.06.23D06:05:00.939066000|jonny-macbook-pro.local|segmentedtp|stp1|INF|fileload|loading /Users/jonny/work/aq/git/TorQ/code/common/analyticslib.q
2020.06.23D06:05:00.941053000|jonny-macbook-pro.local|segmentedtp|stp1|INF|fileload|successfully loaded /Users/jonny/work/aq/git/TorQ/code/common/analyticslib.q
2020.06.23D06:05:00.941082000|jonny-macbook-pro.local|segmentedtp|stp1|INF|fileload|loading /Users/jonny/work/aq/git/TorQ/code/common/async.q
2020.06.23D06:05:00.941872000|jonny-macbook-pro.local|segmentedtp|stp1|INF|fileload|successfully loaded /Users/jonny/work/aq/git/TorQ/code/common/async.q
2020.06.23D06:05:00.941916000|jonny-macbook-pro.local|segmentedtp|stp1|INF|fileload|loading /Users/jonny/work/aq/git/TorQ/code/common/cache.q
2020.06.23D06:05:00.943349000|jonny-macbook-pro.local|segmentedtp|stp1|INF|fileload|successfully loaded /Users/jonny/work/aq/git/TorQ/code/common/cache.q
2020.06.23D06:05:00.943384000|jonny-macbook-pro.local|segmentedtp|stp1|INF|fileload|loading /Users/jonny/work/aq/git/TorQ/code/common/compress.q
2020.06.23D06:05:00.946261000|jonny-macbook-pro.local|segmentedtp|stp1|INF|fileload|successfully loaded /Users/jonny/work/aq/git/TorQ/code/common/compress.q
2020.06.23D06:05:00.946292000|jonny-macbook-pro.local|segmentedtp|stp1|INF|fileload|loading /Users/jonny/work/aq/git/TorQ/code/common/datadog.q
2020.06.23D06:05:00.947281000|jonny-macbook-pro.local|segmentedtp|stp1|INF|fileload|successfully loaded /Users/jonny/work/aq/git/TorQ/code/common/datadog.q
2020.06.23D06:05:00.947310000|jonny-macbook-pro.local|segmentedtp|stp1|INF|fileload|loading /Users/jonny/work/aq/git/TorQ/code/common/dataloader.q
2020.06.23D06:05:00.949194000|jonny-macbook-pro.local|segmentedtp|stp1|INF|fileload|successfully loaded /Users/jonny/work/aq/git/TorQ/code/common/dataloader.q
2020.06.23D06:05:00.949226000|jonny-macbook-pro.local|segmentedtp|stp1|INF|fileload|loading /Users/jonny/work/aq/git/TorQ/code/common/datareplay.q
2020.06.23D06:05:00.950447000|jonny-macbook-pro.local|segmentedtp|stp1|INF|fileload|successfully loaded /Users/jonny/work/aq/git/TorQ/code/common/datareplay.q
2020.06.23D06:05:00.950489000|jonny-macbook-pro.local|segmentedtp|stp1|INF|fileload|loading /Users/jonny/work/aq/git/TorQ/code/common/dbwriteutils.q
2020.06.23D06:05:00.952052000|jonny-macbook-pro.local|segmentedtp|stp1|INF|fileload|successfully loaded /Users/jonny/work/aq/git/TorQ/code/common/dbwriteutils.q
2020.06.23D06:05:00.952084000|jonny-macbook-pro.local|segmentedtp|stp1|INF|fileload|loading /Users/jonny/work/aq/git/TorQ/code/common/email.q
2020.06.23D06:05:00.953518000|jonny-macbook-pro.local|segmentedtp|stp1|INF|fileload|successfully loaded /Users/jonny/work/aq/git/TorQ/code/common/email.q
2020.06.23D06:05:00.953552000|jonny-macbook-pro.local|segmentedtp|stp1|INF|fileload|loading /Users/jonny/work/aq/git/TorQ/code/common/execas.q
2020.06.23D06:05:00.953952000|jonny-macbook-pro.local|segmentedtp|stp1|INF|fileload|successfully loaded /Users/jonny/work/aq/git/TorQ/code/common/execas.q
2020.06.23D06:05:00.953985000|jonny-macbook-pro.local|segmentedtp|stp1|INF|fileload|loading /Users/jonny/work/aq/git/TorQ/code/common/grafana.q
2020.06.23D06:05:00.956498000|jonny-macbook-pro.local|segmentedtp|stp1|INF|fileload|successfully loaded /Users/jonny/work/aq/git/TorQ/code/common/grafana.q
2020.06.23D06:05:00.956532000|jonny-macbook-pro.local|segmentedtp|stp1|INF|fileload|loading /Users/jonny/work/aq/git/TorQ/code/common/heartbeat.q
2020.06.23D06:05:00.958223000|jonny-macbook-pro.local|segmentedtp|stp1|INF|init|adding heartbeat functions to the timer
2020.06.23D06:05:00.958530000|jonny-macbook-pro.local|segmentedtp|stp1|INF|fileload|successfully loaded /Users/jonny/work/aq/git/TorQ/code/common/heartbeat.q
2020.06.23D06:05:00.958558000|jonny-macbook-pro.local|segmentedtp|stp1|INF|fileload|loading /Users/jonny/work/aq/git/TorQ/code/common/help.q
2020.06.23D06:05:00.960367000|jonny-macbook-pro.local|segmentedtp|stp1|INF|fileload|successfully loaded /Users/jonny/work/aq/git/TorQ/code/common/help.q
2020.06.23D06:05:00.960398000|jonny-macbook-pro.local|segmentedtp|stp1|INF|fileload|loading /Users/jonny/work/aq/git/TorQ/code/common/html.q
2020.06.23D06:05:00.962541000|jonny-macbook-pro.local|segmentedtp|stp1|INF|fileload|successfully loaded /Users/jonny/work/aq/git/TorQ/code/common/html.q
2020.06.23D06:05:00.962588000|jonny-macbook-pro.local|segmentedtp|stp1|INF|fileload|loading /Users/jonny/work/aq/git/TorQ/code/common/json.k
2020.06.23D06:05:00.963509000|jonny-macbook-pro.local|segmentedtp|stp1|INF|fileload|successfully loaded /Users/jonny/work/aq/git/TorQ/code/common/json.k
2020.06.23D06:05:00.963542000|jonny-macbook-pro.local|segmentedtp|stp1|INF|fileload|loading /Users/jonny/work/aq/git/TorQ/code/common/kafka.q
2020.06.23D06:05:00.964151000|jonny-macbook-pro.local|segmentedtp|stp1|INF|fileload|successfully loaded /Users/jonny/work/aq/git/TorQ/code/common/kafka.q
2020.06.23D06:05:00.964214000|jonny-macbook-pro.local|segmentedtp|stp1|INF|fileload|loading /Users/jonny/work/aq/git/TorQ/code/common/memusage.q
2020.06.23D06:05:00.965694000|jonny-macbook-pro.local|segmentedtp|stp1|INF|fileload|successfully loaded /Users/jonny/work/aq/git/TorQ/code/common/memusage.q
2020.06.23D06:05:00.965744000|jonny-macbook-pro.local|segmentedtp|stp1|INF|fileload|loading /Users/jonny/work/aq/git/TorQ/code/common/merge.q
2020.06.23D06:05:00.966766000|jonny-macbook-pro.local|segmentedtp|stp1|INF|fileload|successfully loaded /Users/jonny/work/aq/git/TorQ/code/common/merge.q
2020.06.23D06:05:00.966814000|jonny-macbook-pro.local|segmentedtp|stp1|INF|fileload|loading /Users/jonny/work/aq/git/TorQ/code/common/monitoringchecks.q
2020.06.23D06:05:00.968205000|jonny-macbook-pro.local|segmentedtp|stp1|INF|fileload|successfully loaded /Users/jonny/work/aq/git/TorQ/code/common/monitoringchecks.q
2020.06.23D06:05:00.968237000|jonny-macbook-pro.local|segmentedtp|stp1|INF|fileload|loading /Users/jonny/work/aq/git/TorQ/code/common/os.q
2020.06.23D06:05:00.969317000|jonny-macbook-pro.local|segmentedtp|stp1|INF|fileload|successfully loaded /Users/jonny/work/aq/git/TorQ/code/common/os.q
2020.06.23D06:05:00.969382000|jonny-macbook-pro.local|segmentedtp|stp1|INF|fileload|loading /Users/jonny/work/aq/git/TorQ/code/common/rmvr.q
2020.06.23D06:05:00.969972000|jonny-macbook-pro.local|segmentedtp|stp1|INF|fileload|successfully loaded /Users/jonny/work/aq/git/TorQ/code/common/rmvr.q
2020.06.23D06:05:00.970013000|jonny-macbook-pro.local|segmentedtp|stp1|INF|fileload|loading /Users/jonny/work/aq/git/TorQ/code/common/subscribercutoff.q
2020.06.23D06:05:00.970825000|jonny-macbook-pro.local|segmentedtp|stp1|INF|fileload|successfully loaded /Users/jonny/work/aq/git/TorQ/code/common/subscribercutoff.q
2020.06.23D06:05:00.970869000|jonny-macbook-pro.local|segmentedtp|stp1|INF|fileload|loading /Users/jonny/work/aq/git/TorQ/code/common/tplogutils.q
2020.06.23D06:05:00.972206000|jonny-macbook-pro.local|segmentedtp|stp1|INF|fileload|successfully loaded /Users/jonny/work/aq/git/TorQ/code/common/tplogutils.q
2020.06.23D06:05:00.972248000|jonny-macbook-pro.local|segmentedtp|stp1|INF|init|Environment variable KDBSERVCODE not set, not loading specific /common code
2020.06.23D06:05:00.972273000|jonny-macbook-pro.local|segmentedtp|stp1|INF|fileload|loading q and k files from directory /Users/jonny/work/aq/git/TorQ/code/common
2020.06.23D06:05:00.972519000|jonny-macbook-pro.local|segmentedtp|stp1|INF|fileload|found load order file order.txt
2020.06.23D06:05:00.972597000|jonny-macbook-pro.local|segmentedtp|stp1|INF|fileload|loading files in order u.q api.q apidetails.q timer.q pubsub.q subscriptions.q timezone.q eodtime.q
2020.06.23D06:05:00.972647000|jonny-macbook-pro.local|segmentedtp|stp1|INF|fileload|already loaded /Users/jonny/work/aq/git/TorQ/code/common/u.q
2020.06.23D06:05:00.972669000|jonny-macbook-pro.local|segmentedtp|stp1|INF|fileload|already loaded /Users/jonny/work/aq/git/TorQ/code/common/api.q
2020.06.23D06:05:00.972690000|jonny-macbook-pro.local|segmentedtp|stp1|INF|fileload|already loaded /Users/jonny/work/aq/git/TorQ/code/common/apidetails.q
2020.06.23D06:05:00.972710000|jonny-macbook-pro.local|segmentedtp|stp1|INF|fileload|already loaded /Users/jonny/work/aq/git/TorQ/code/common/timer.q
2020.06.23D06:05:00.972730000|jonny-macbook-pro.local|segmentedtp|stp1|INF|fileload|already loaded /Users/jonny/work/aq/git/TorQ/code/common/pubsub.q
2020.06.23D06:05:00.972751000|jonny-macbook-pro.local|segmentedtp|stp1|INF|fileload|already loaded /Users/jonny/work/aq/git/TorQ/code/common/subscriptions.q
2020.06.23D06:05:00.972771000|jonny-macbook-pro.local|segmentedtp|stp1|INF|fileload|already loaded /Users/jonny/work/aq/git/TorQ/code/common/timezone.q
2020.06.23D06:05:00.972791000|jonny-macbook-pro.local|segmentedtp|stp1|INF|fileload|already loaded /Users/jonny/work/aq/git/TorQ/code/common/eodtime.q
2020.06.23D06:05:00.972812000|jonny-macbook-pro.local|segmentedtp|stp1|INF|fileload|already loaded /Users/jonny/work/aq/git/TorQ/code/common/analyticslib.q
2020.06.23D06:05:00.972832000|jonny-macbook-pro.local|segmentedtp|stp1|INF|fileload|already loaded /Users/jonny/work/aq/git/TorQ/code/common/async.q
2020.06.23D06:05:00.972853000|jonny-macbook-pro.local|segmentedtp|stp1|INF|fileload|already loaded /Users/jonny/work/aq/git/TorQ/code/common/cache.q
2020.06.23D06:05:00.972873000|jonny-macbook-pro.local|segmentedtp|stp1|INF|fileload|already loaded /Users/jonny/work/aq/git/TorQ/code/common/compress.q
2020.06.23D06:05:00.972894000|jonny-macbook-pro.local|segmentedtp|stp1|INF|fileload|already loaded /Users/jonny/work/aq/git/TorQ/code/common/datadog.q
2020.06.23D06:05:00.972914000|jonny-macbook-pro.local|segmentedtp|stp1|INF|fileload|already loaded /Users/jonny/work/aq/git/TorQ/code/common/dataloader.q
2020.06.23D06:05:00.972935000|jonny-macbook-pro.local|segmentedtp|stp1|INF|fileload|already loaded /Users/jonny/work/aq/git/TorQ/code/common/datareplay.q
2020.06.23D06:05:00.972956000|jonny-macbook-pro.local|segmentedtp|stp1|INF|fileload|already loaded /Users/jonny/work/aq/git/TorQ/code/common/dbwriteutils.q
2020.06.23D06:05:00.972976000|jonny-macbook-pro.local|segmentedtp|stp1|INF|fileload|already loaded /Users/jonny/work/aq/git/TorQ/code/common/email.q
2020.06.23D06:05:00.973018000|jonny-macbook-pro.local|segmentedtp|stp1|INF|fileload|already loaded /Users/jonny/work/aq/git/TorQ/code/common/execas.q
2020.06.23D06:05:00.973039000|jonny-macbook-pro.local|segmentedtp|stp1|INF|fileload|already loaded /Users/jonny/work/aq/git/TorQ/code/common/grafana.q
2020.06.23D06:05:00.973060000|jonny-macbook-pro.local|segmentedtp|stp1|INF|fileload|already loaded /Users/jonny/work/aq/git/TorQ/code/common/heartbeat.q
2020.06.23D06:05:00.973080000|jonny-macbook-pro.local|segmentedtp|stp1|INF|fileload|already loaded /Users/jonny/work/aq/git/TorQ/code/common/help.q
2020.06.23D06:05:00.973101000|jonny-macbook-pro.local|segmentedtp|stp1|INF|fileload|already loaded /Users/jonny/work/aq/git/TorQ/code/common/html.q
2020.06.23D06:05:00.973122000|jonny-macbook-pro.local|segmentedtp|stp1|INF|fileload|already loaded /Users/jonny/work/aq/git/TorQ/code/common/json.k
2020.06.23D06:05:00.973142000|jonny-macbook-pro.local|segmentedtp|stp1|INF|fileload|already loaded /Users/jonny/work/aq/git/TorQ/code/common/kafka.q
2020.06.23D06:05:00.973163000|jonny-macbook-pro.local|segmentedtp|stp1|INF|fileload|already loaded /Users/jonny/work/aq/git/TorQ/code/common/memusage.q
2020.06.23D06:05:00.973184000|jonny-macbook-pro.local|segmentedtp|stp1|INF|fileload|already loaded /Users/jonny/work/aq/git/TorQ/code/common/merge.q
2020.06.23D06:05:00.973205000|jonny-macbook-pro.local|segmentedtp|stp1|INF|fileload|already loaded /Users/jonny/work/aq/git/TorQ/code/common/monitoringchecks.q
2020.06.23D06:05:00.973226000|jonny-macbook-pro.local|segmentedtp|stp1|INF|fileload|already loaded /Users/jonny/work/aq/git/TorQ/code/common/os.q
2020.06.23D06:05:00.973247000|jonny-macbook-pro.local|segmentedtp|stp1|INF|fileload|already loaded /Users/jonny/work/aq/git/TorQ/code/common/rmvr.q
2020.06.23D06:05:00.973268000|jonny-macbook-pro.local|segmentedtp|stp1|INF|fileload|already loaded /Users/jonny/work/aq/git/TorQ/code/common/subscribercutoff.q
2020.06.23D06:05:00.973289000|jonny-macbook-pro.local|segmentedtp|stp1|INF|fileload|already loaded /Users/jonny/work/aq/git/TorQ/code/common/tplogutils.q
2020.06.23D06:05:00.973387000|jonny-macbook-pro.local|segmentedtp|stp1|INF|fileload|loading q and k files from directory /Users/jonny/work/aq/git/TorQ/code/handlers
2020.06.23D06:05:00.973546000|jonny-macbook-pro.local|segmentedtp|stp1|INF|fileload|found load order file order.txt
2020.06.23D06:05:00.973899000|jonny-macbook-pro.local|segmentedtp|stp1|INF|fileload|loading files in order dotz.q ldap.q writeaccess.q controlaccess.q permissions.q trackclients.q logusage.q apidetails.q zpsignore.q
2020.06.23D06:05:00.973953000|jonny-macbook-pro.local|segmentedtp|stp1|INF|fileload|loading /Users/jonny/work/aq/git/TorQ/code/handlers/dotz.q
2020.06.23D06:05:00.977026000|jonny-macbook-pro.local|segmentedtp|stp1|INF|fileload|successfully loaded /Users/jonny/work/aq/git/TorQ/code/handlers/dotz.q
2020.06.23D06:05:00.977061000|jonny-macbook-pro.local|segmentedtp|stp1|INF|fileload|loading /Users/jonny/work/aq/git/TorQ/code/handlers/ldap.q
2020.06.23D06:05:00.978755000|jonny-macbook-pro.local|segmentedtp|stp1|INF|fileload|successfully loaded /Users/jonny/work/aq/git/TorQ/code/handlers/ldap.q
2020.06.23D06:05:00.978803000|jonny-macbook-pro.local|segmentedtp|stp1|INF|fileload|loading /Users/jonny/work/aq/git/TorQ/code/handlers/writeaccess.q
2020.06.23D06:05:00.979265000|jonny-macbook-pro.local|segmentedtp|stp1|INF|readonly|read only mode is disabled
2020.06.23D06:05:00.979455000|jonny-macbook-pro.local|segmentedtp|stp1|INF|fileload|successfully loaded /Users/jonny/work/aq/git/TorQ/code/handlers/writeaccess.q
2020.06.23D06:05:00.979482000|jonny-macbook-pro.local|segmentedtp|stp1|INF|fileload|loading /Users/jonny/work/aq/git/TorQ/code/handlers/controlaccess.q
2020.06.23D06:05:00.981749000|jonny-macbook-pro.local|segmentedtp|stp1|INF|access|access controls are disabled
2020.06.23D06:05:00.981982000|jonny-macbook-pro.local|segmentedtp|stp1|INF|fileload|successfully loaded /Users/jonny/work/aq/git/TorQ/code/handlers/controlaccess.q
2020.06.23D06:05:00.982041000|jonny-macbook-pro.local|segmentedtp|stp1|INF|fileload|loading /Users/jonny/work/aq/git/TorQ/code/handlers/permissions.q
2020.06.23D06:05:00.986167000|jonny-macbook-pro.local|segmentedtp|stp1|INF|fileload|successfully loaded /Users/jonny/work/aq/git/TorQ/code/handlers/permissions.q
2020.06.23D06:05:00.986208000|jonny-macbook-pro.local|segmentedtp|stp1|INF|fileload|loading /Users/jonny/work/aq/git/TorQ/code/handlers/trackclients.q
2020.06.23D06:05:00.987183000|jonny-macbook-pro.local|segmentedtp|stp1|INF|fileload|successfully loaded /Users/jonny/work/aq/git/TorQ/code/handlers/trackclients.q
2020.06.23D06:05:00.987213000|jonny-macbook-pro.local|segmentedtp|stp1|INF|fileload|loading /Users/jonny/work/aq/git/TorQ/code/handlers/logusage.q
2020.06.23D06:05:00.989287000|jonny-macbook-pro.local|segmentedtp|stp1|INF|usage|creating usage log file /Users/jonny/work/aq/git/TorQ/logs/usage_stp1_2020.06.23.log
2020.06.23D06:05:00.989523000|jonny-macbook-pro.local|segmentedtp|stp1|INF|logging|creating alias using command ln -sf usage_stp1_2020.06.23.log /Users/jonny/work/aq/git/TorQ/logs/usage_stp1.log
2020.06.23D06:05:00.994484000|jonny-macbook-pro.local|segmentedtp|stp1|INF|init|adding timer function to roll usage logs on a daily schedule starting at 2020.06.24D00:00:00.000000000
2020.06.23D06:05:00.994558000|jonny-macbook-pro.local|segmentedtp|stp1|INF|init|adding timer function to flush in-memory usage logs with interval: 0D00:30:00.000000000
2020.06.23D06:05:00.994674000|jonny-macbook-pro.local|segmentedtp|stp1|INF|fileload|successfully loaded /Users/jonny/work/aq/git/TorQ/code/handlers/logusage.q
2020.06.23D06:05:00.994709000|jonny-macbook-pro.local|segmentedtp|stp1|INF|fileload|loading /Users/jonny/work/aq/git/TorQ/code/handlers/apidetails.q
2020.06.23D06:05:00.996037000|jonny-macbook-pro.local|segmentedtp|stp1|INF|fileload|successfully loaded /Users/jonny/work/aq/git/TorQ/code/handlers/apidetails.q
2020.06.23D06:05:00.996071000|jonny-macbook-pro.local|segmentedtp|stp1|INF|fileload|loading /Users/jonny/work/aq/git/TorQ/code/handlers/zpsignore.q
2020.06.23D06:05:00.996648000|jonny-macbook-pro.local|segmentedtp|stp1|INF|fileload|successfully loaded /Users/jonny/work/aq/git/TorQ/code/handlers/zpsignore.q
2020.06.23D06:05:00.996693000|jonny-macbook-pro.local|segmentedtp|stp1|INF|fileload|loading /Users/jonny/work/aq/git/TorQ/code/handlers/trackservers.q
2020.06.23D06:05:00.998660000|jonny-macbook-pro.local|segmentedtp|stp1|INF|conn|attempting to load external connection username:password from file
2020.06.23D06:05:00.998754000|jonny-macbook-pro.local|segmentedtp|stp1|INF|conn|password file /Users/jonny/work/aq/git/TorQ/config/passwords/default.txt found
2020.06.23D06:05:00.999253000|jonny-macbook-pro.local|segmentedtp|stp1|INF|conn|password file /Users/jonny/work/aq/git/TorQ/config/passwords/segmentedtp.txt not found
2020.06.23D06:05:00.999302000|jonny-macbook-pro.local|segmentedtp|stp1|INF|conn|password file /Users/jonny/work/aq/git/TorQ/config/passwords/stp1.txt not found
2020.06.23D06:05:00.999323000|jonny-macbook-pro.local|segmentedtp|stp1|INF|conn|password file /Users/jonny/work/aq/git/TorQ/appconfig/passwords/default.txt not found
2020.06.23D06:05:00.999340000|jonny-macbook-pro.local|segmentedtp|stp1|INF|conn|password file /Users/jonny/work/aq/git/TorQ/appconfig/passwords/segmentedtp.txt not found
2020.06.23D06:05:00.999357000|jonny-macbook-pro.local|segmentedtp|stp1|INF|conn|password file /Users/jonny/work/aq/git/TorQ/appconfig/passwords/stp1.txt not found
2020.06.23D06:05:01.002629000|jonny-macbook-pro.local|segmentedtp|stp1|INF|fileload|successfully loaded /Users/jonny/work/aq/git/TorQ/code/handlers/trackservers.q
2020.06.23D06:05:01.002784000|jonny-macbook-pro.local|segmentedtp|stp1|INF|init|adding timer function to roll std out/err logs on a daily schedule starting at 2020.06.24D00:00:00.000000000
2020.06.23D06:05:01.002853000|jonny-macbook-pro.local|segmentedtp|stp1|INF|fileload|loading code/processes/segmentedtickerplant.q
2020.06.23D06:05:01.003440000|jonny-macbook-pro.local|segmentedtp|stp1|INF|fileload|already loaded /Users/jonny/work/aq/git/TorQ/code/common/os.q
