2020.02.28D11:31:06.303495000|1|0N|`ps|`lb|`lb1|"b"|2130706689i|`nwatterson|0i|"`.sub.checksubscriptions`"|3313264 67108864 67108864 0 0|0N|""
2020.02.28D11:31:06.303885000|1|47|`ps|`lb|`lb1|"c"|2130706689i|`nwatterson|0i|"`.sub.checksubscriptions`"|3313648 67108864 67108864 0 0|10|""
2020.02.28D11:31:06.304270000|2|0N|`ps|`lb|`lb1|"b"|2130706689i|`nwatterson|0i|"`.hb.checkheartbeat`"|3314176 67108864 67108864 0 0|0N|""
2020.02.28D11:31:06.304623000|2|97|`ps|`lb|`lb1|"c"|2130706689i|`nwatterson|0i|"`.hb.checkheartbeat`"|3314688 67108864 67108864 0 0|10|""
2020.02.28D11:31:16.303455000|3|0N|`ps|`lb|`lb1|"b"|2130706689i|`nwatterson|0i|"`.sub.checksubscriptions`"|3314784 67108864 67108864 0 0|0N|""
2020.02.28D11:31:16.303801000|3|41|`ps|`lb|`lb1|"c"|2130706689i|`nwatterson|0i|"`.sub.checksubscriptions`"|3315008 67108864 67108864 0 0|10|""
2020.02.28D11:31:16.504144000|4|0N|`ps|`lb|`lb1|"b"|2130706689i|`nwatterson|0i|"`.hb.checkheartbeat`"|3315104 67108864 67108864 0 0|0N|""
2020.02.28D11:31:16.504525000|4|105|`ps|`lb|`lb1|"c"|2130706689i|`nwatterson|0i|"`.hb.checkheartbeat`"|3315968 67108864 67108864 0 0|10|""
2020.02.28D11:31:26.303406000|5|0N|`ps|`lb|`lb1|"b"|2130706689i|`nwatterson|0i|"`.hb.publishheartbeat`"|3316064 67108864 67108864 0 0|0N|""
2020.02.28D11:31:26.303760000|5|59|`ps|`lb|`lb1|"c"|2130706689i|`nwatterson|0i|"`.hb.publishheartbeat`"|3316224 67108864 67108864 0 0|10|""
2020.02.28D11:31:26.304017000|6|0N|`ps|`lb|`lb1|"b"|2130706689i|`nwatterson|0i|"`.sub.checksubscriptions`"|3316320 67108864 67108864 0 0|0N|""
2020.02.28D11:31:26.304293000|6|28|`ps|`lb|`lb1|"c"|2130706689i|`nwatterson|0i|"`.sub.checksubscriptions`"|3316480 67108864 67108864 0 0|10|""
2020.02.28D11:31:26.703403000|7|0N|`ps|`lb|`lb1|"b"|2130706689i|`nwatterson|0i|"`.hb.checkheartbeat`"|3316576 67108864 67108864 0 0|0N|""
2020.02.28D11:31:26.703784000|7|107|`ps|`lb|`lb1|"c"|2130706689i|`nwatterson|0i|"`.hb.checkheartbeat`"|3316864 67108864 67108864 0 0|10|""
2020.02.28D11:31:36.303469000|8|0N|`ps|`lb|`lb1|"b"|2130706689i|`nwatterson|0i|"`.sub.checksubscriptions`"|3316960 67108864 67108864 0 0|0N|""
2020.02.28D11:31:36.303817000|8|44|`ps|`lb|`lb1|"c"|2130706689i|`nwatterson|0i|"`.sub.checksubscriptions`"|3318528 67108864 67108864 0 0|10|""
2020.02.28D11:31:36.903467000|9|0N|`ps|`lb|`lb1|"b"|2130706689i|`nwatterson|0i|"`.hb.checkheartbeat`"|3318624 67108864 67108864 0 0|0N|""
2020.02.28D11:31:36.903866000|9|112|`ps|`lb|`lb1|"c"|2130706689i|`nwatterson|0i|"`.hb.checkheartbeat`"|3318816 67108864 67108864 0 0|10|""
2020.02.28D11:31:46.303415000|10|0N|`ps|`lb|`lb1|"b"|2130706689i|`nwatterson|0i|"`.sub.checksubscriptions`"|3318912 67108864 67108864 0 0|0N|""
2020.02.28D11:31:46.303747000|10|43|`ps|`lb|`lb1|"c"|2130706689i|`nwatterson|0i|"`.sub.checksubscriptions`"|3319072 67108864 67108864 0 0|10|""
2020.02.28D11:31:47.103411000|11|0N|`ps|`lb|`lb1|"b"|2130706689i|`nwatterson|0i|"`.hb.checkheartbeat`"|3319168 67108864 67108864 0 0|0N|""
2020.02.28D11:31:47.103800000|11|108|`ps|`lb|`lb1|"c"|2130706689i|`nwatterson|0i|"`.hb.checkheartbeat`"|3319328 67108864 67108864 0 0|10|""
2020.02.28D11:31:56.303411000|12|0N|`ps|`lb|`lb1|"b"|2130706689i|`nwatterson|0i|"`.sub.checksubscriptions`"|3319424 67108864 67108864 0 0|0N|""
2020.02.28D11:31:56.303744000|12|42|`ps|`lb|`lb1|"c"|2130706689i|`nwatterson|0i|"`.sub.checksubscriptions`"|3319584 67108864 67108864 0 0|10|""
2020.02.28D11:31:56.504149000|13|0N|`ps|`lb|`lb1|"b"|2130706689i|`nwatterson|0i|"`.hb.publishheartbeat`"|3319680 67108864 67108864 0 0|0N|""
2020.02.28D11:31:56.504498000|13|56|`ps|`lb|`lb1|"c"|2130706689i|`nwatterson|0i|"`.hb.publishheartbeat`"|3319840 67108864 67108864 0 0|10|""
2020.02.28D11:31:57.303457000|14|0N|`ps|`lb|`lb1|"b"|2130706689i|`nwatterson|0i|"`.hb.checkheartbeat`"|3319936 67108864 67108864 0 0|0N|""
2020.02.28D11:31:57.303876000|14|113|`ps|`lb|`lb1|"c"|2130706689i|`nwatterson|0i|"`.hb.checkheartbeat`"|3320096 67108864 67108864 0 0|10|""
2020.02.28D11:32:06.303463000|15|0N|`ps|`lb|`lb1|"b"|2130706689i|`nwatterson|0i|"`.sub.checksubscriptions`"|3320192 67108864 67108864 0 0|0N|""
2020.02.28D11:32:06.303850000|15|45|`ps|`lb|`lb1|"c"|2130706689i|`nwatterson|0i|"`.sub.checksubscriptions`"|3320608 67108864 67108864 0 0|10|""
2020.02.28D11:32:07.503282000|16|0N|`ps|`lb|`lb1|"b"|2130706689i|`nwatterson|0i|"`.hb.checkheartbeat`"|3320704 67108864 67108864 0 0|0N|""
2020.02.28D11:32:07.503685000|16|110|`ps|`lb|`lb1|"c"|2130706689i|`nwatterson|0i|"`.hb.checkheartbeat`"|3323680 67108864 67108864 0 0|10|""
2020.02.28D11:32:16.303459000|17|0N|`ps|`lb|`lb1|"b"|2130706689i|`nwatterson|0i|"`.sub.checksubscriptions`"|3323776 67108864 67108864 0 0|0N|""
2020.02.28D11:32:16.303794000|17|43|`ps|`lb|`lb1|"c"|2130706689i|`nwatterson|0i|"`.sub.checksubscriptions`"|3323936 67108864 67108864 0 0|10|""
2020.02.28D11:32:17.703418000|18|0N|`ps|`lb|`lb1|"b"|2130706689i|`nwatterson|0i|"`.hb.checkheartbeat`"|3324032 67108864 67108864 0 0|0N|""
2020.02.28D11:32:17.703866000|18|114|`ps|`lb|`lb1|"c"|2130706689i|`nwatterson|0i|"`.hb.checkheartbeat`"|3324192 67108864 67108864 0 0|10|""
2020.02.28D11:32:26.303419000|19|0N|`ps|`lb|`lb1|"b"|2130706689i|`nwatterson|0i|"`.sub.checksubscriptions`"|3324288 67108864 67108864 0 0|0N|""
2020.02.28D11:32:26.303754000|19|43|`ps|`lb|`lb1|"c"|2130706689i|`nwatterson|0i|"`.sub.checksubscriptions`"|3324448 67108864 67108864 0 0|10|""
2020.02.28D11:32:26.703239000|20|0N|`ps|`lb|`lb1|"b"|2130706689i|`nwatterson|0i|"`.hb.publishheartbeat`"|3324544 67108864 67108864 0 0|0N|""
2020.02.28D11:32:26.703618000|20|55|`ps|`lb|`lb1|"c"|2130706689i|`nwatterson|0i|"`.hb.publishheartbeat`"|3324704 67108864 67108864 0 0|10|""
2020.02.28D11:32:27.903415000|21|0N|`ps|`lb|`lb1|"b"|2130706689i|`nwatterson|0i|"`.hb.checkheartbeat`"|3324800 67108864 67108864 0 0|0N|""
2020.02.28D11:32:27.903808000|21|109|`ps|`lb|`lb1|"c"|2130706689i|`nwatterson|0i|"`.hb.checkheartbeat`"|3324960 67108864 67108864 0 0|10|""
2020.02.28D11:32:36.303415000|22|0N|`ps|`lb|`lb1|"b"|2130706689i|`nwatterson|0i|"`.sub.checksubscriptions`"|3325056 67108864 67108864 0 0|0N|""
2020.02.28D11:32:36.303798000|22|45|`ps|`lb|`lb1|"c"|2130706689i|`nwatterson|0i|"`.sub.checksubscriptions`"|3325216 67108864 67108864 0 0|10|""
2020.02.28D11:32:38.103429000|23|0N|`ps|`lb|`lb1|"b"|2130706689i|`nwatterson|0i|"`.hb.checkheartbeat`"|3325312 67108864 67108864 0 0|0N|""
2020.02.28D11:32:38.103864000|23|113|`ps|`lb|`lb1|"c"|2130706689i|`nwatterson|0i|"`.hb.checkheartbeat`"|3325472 67108864 67108864 0 0|10|""
2020.02.28D11:32:46.303466000|24|0N|`ps|`lb|`lb1|"b"|2130706689i|`nwatterson|0i|"`.sub.checksubscriptions`"|3325568 67108864 67108864 0 0|0N|""
2020.02.28D11:32:46.303863000|24|46|`ps|`lb|`lb1|"c"|2130706689i|`nwatterson|0i|"`.sub.checksubscriptions`"|3325728 67108864 67108864 0 0|10|""
2020.02.28D11:32:48.303439000|25|0N|`ps|`lb|`lb1|"b"|2130706689i|`nwatterson|0i|"`.hb.checkheartbeat`"|3325824 67108864 67108864 0 0|0N|""
2020.02.28D11:32:48.304023000|25|146|`ps|`lb|`lb1|"c"|2130706689i|`nwatterson|0i|"`.hb.checkheartbeat`"|3326048 67108864 67108864 0 0|10|""
2020.02.28D11:32:56.303458000|26|0N|`ps|`lb|`lb1|"b"|2130706689i|`nwatterson|0i|"`.sub.checksubscriptions`"|3326144 67108864 67108864 0 0|0N|""
2020.02.28D11:32:56.303783000|26|41|`ps|`lb|`lb1|"c"|2130706689i|`nwatterson|0i|"`.sub.checksubscriptions`"|3326304 67108864 67108864 0 0|10|""
2020.02.28D11:32:56.903462000|27|0N|`ps|`lb|`lb1|"b"|2130706689i|`nwatterson|0i|"`.hb.publishheartbeat`"|3326400 67108864 67108864 0 0|0N|""
2020.02.28D11:32:56.903805000|27|57|`ps|`lb|`lb1|"c"|2130706689i|`nwatterson|0i|"`.hb.publishheartbeat`"|3326560 67108864 67108864 0 0|10|""
2020.02.28D11:32:58.503457000|28|0N|`ps|`lb|`lb1|"b"|2130706689i|`nwatterson|0i|"`.hb.checkheartbeat`"|3326656 67108864 67108864 0 0|0N|""
2020.02.28D11:32:58.503842000|28|108|`ps|`lb|`lb1|"c"|2130706689i|`nwatterson|0i|"`.hb.checkheartbeat`"|3326816 67108864 67108864 0 0|10|""
2020.02.28D11:33:45.977456000|29|0N|`exit|`lb|`lb1|"b"|2130706689i|`nwatterson|0i|"0i"|3327184 67108864 67108864 0 0|0N|""
2020.02.28D11:33:45.977741000|29|4|`exit|`lb|`lb1|"c"|2130706689i|`nwatterson|0i|"0i"|3327312 67108864 67108864 0 0|13|""
2020.02.28D11:33:57.792776000|1|0N|`ps|`lb|`lb1|"b"|2130706689i|`nwatterson|0i|"`.sub.checksubscriptions`"|3313264 67108864 67108864 0 0|0N|""
2020.02.28D11:33:57.793136000|1|42|`ps|`lb|`lb1|"c"|2130706689i|`nwatterson|0i|"`.sub.checksubscriptions`"|3313648 67108864 67108864 0 0|10|""
2020.02.28D11:33:57.793419000|2|0N|`ps|`lb|`lb1|"b"|2130706689i|`nwatterson|0i|"`.hb.checkheartbeat`"|3314176 67108864 67108864 0 0|0N|""
2020.02.28D11:33:57.793708000|2|83|`ps|`lb|`lb1|"c"|2130706689i|`nwatterson|0i|"`.hb.checkheartbeat`"|3314688 67108864 67108864 0 0|10|""
2020.02.28D11:34:07.792677000|3|0N|`ps|`lb|`lb1|"b"|2130706689i|`nwatterson|0i|"`.sub.checksubscriptions`"|3314784 67108864 67108864 0 0|0N|""
2020.02.28D11:34:07.792989000|3|35|`ps|`lb|`lb1|"c"|2130706689i|`nwatterson|0i|"`.sub.checksubscriptions`"|3315008 67108864 67108864 0 0|10|""
2020.02.28D11:34:07.993335000|4|0N|`ps|`lb|`lb1|"b"|2130706689i|`nwatterson|0i|"`.hb.checkheartbeat`"|3315104 67108864 67108864 0 0|0N|""
2020.02.28D11:34:07.993707000|4|98|`ps|`lb|`lb1|"c"|2130706689i|`nwatterson|0i|"`.hb.checkheartbeat`"|3315968 67108864 67108864 0 0|10|""
2020.02.28D11:34:32.426198000|5|0N|`ps|`lb|`lb1|"b"|2130706689i|`nwatterson|0i|"`.hb.publishheartbeat`"|3316608 67108864 67108864 0 0|0N|""
2020.02.28D11:34:32.426517000|5|48|`ps|`lb|`lb1|"c"|2130706689i|`nwatterson|0i|"`.hb.publishheartbeat`"|3316768 67108864 67108864 0 0|10|""
2020.02.28D11:34:32.426769000|6|0N|`ps|`lb|`lb1|"b"|2130706689i|`nwatterson|0i|"`.sub.checksubscriptions`"|3316864 67108864 67108864 0 0|0N|""
2020.02.28D11:34:32.427003000|6|26|`ps|`lb|`lb1|"c"|2130706689i|`nwatterson|0i|"`.sub.checksubscriptions`"|3317024 67108864 67108864 0 0|10|""
2020.02.28D11:34:32.427278000|7|0N|`ps|`lb|`lb1|"b"|2130706689i|`nwatterson|0i|"`.hb.checkheartbeat`"|3317120 67108864 67108864 0 0|0N|""
2020.02.28D11:34:32.427558000|7|81|`ps|`lb|`lb1|"c"|2130706689i|`nwatterson|0i|"`.hb.checkheartbeat`"|3317408 67108864 67108864 0 0|10|""
2020.02.28D11:34:32.594321000|8|0N|`ps|`lb|`lb1|"b"|2130706689i|`nwatterson|0i|"`.sub.checksubscriptions`"|3317216 67108864 67108864 0 0|0N|""
2020.02.28D11:34:32.594632000|8|35|`ps|`lb|`lb1|"c"|2130706689i|`nwatterson|0i|"`.sub.checksubscriptions`"|3318784 67108864 67108864 0 0|10|""
2020.02.28D11:34:37.792675000|9|0N|`ps|`lb|`lb1|"b"|2130706689i|`nwatterson|0i|"`.sub.checksubscriptions`"|3318880 67108864 67108864 0 0|0N|""
2020.02.28D11:34:37.793052000|9|58|`ps|`lb|`lb1|"c"|2130706689i|`nwatterson|0i|"`.sub.checksubscriptions`"|3319072 67108864 67108864 0 0|10|""
2020.02.28D11:34:39.590731000|10|0N|`exit|`lb|`lb1|"b"|2130706689i|`nwatterson|0i|"0i"|3317552 67108864 67108864 0 0|0N|""
2020.02.28D11:34:39.591006000|10|3|`exit|`lb|`lb1|"c"|2130706689i|`nwatterson|0i|"0i"|3317680 67108864 67108864 0 0|13|""
2020.02.28D11:35:22.170012000|1|0N|`ps|`lb|`lb1|"b"|2130706689i|`nwatterson|0i|"`.sub.checksubscriptions`"|3313232 67108864 67108864 0 0|0N|""
2020.02.28D11:35:22.170339000|1|42|`ps|`lb|`lb1|"c"|2130706689i|`nwatterson|0i|"`.sub.checksubscriptions`"|3313616 67108864 67108864 0 0|10|""
2020.02.28D11:35:22.170623000|2|0N|`ps|`lb|`lb1|"b"|2130706689i|`nwatterson|0i|"`.hb.checkheartbeat`"|3314144 67108864 67108864 0 0|0N|""
2020.02.28D11:35:22.170917000|2|83|`ps|`lb|`lb1|"c"|2130706689i|`nwatterson|0i|"`.hb.checkheartbeat`"|3314656 67108864 67108864 0 0|10|""
2020.02.28D11:35:32.169923000|3|0N|`ps|`lb|`lb1|"b"|2130706689i|`nwatterson|0i|"`.sub.checksubscriptions`"|3314784 67108864 67108864 0 0|0N|""
2020.02.28D11:35:32.170243000|3|37|`ps|`lb|`lb1|"c"|2130706689i|`nwatterson|0i|"`.sub.checksubscriptions`"|3315008 67108864 67108864 0 0|10|""
2020.02.28D11:35:32.370503000|4|0N|`ps|`lb|`lb1|"b"|2130706689i|`nwatterson|0i|"`.hb.checkheartbeat`"|3315104 67108864 67108864 0 0|0N|""
2020.02.28D11:35:32.370783000|4|57|`ps|`lb|`lb1|"c"|2130706689i|`nwatterson|0i|"`.hb.checkheartbeat`"|3315968 67108864 67108864 0 0|10|""
2020.02.28D11:35:41.170711000|5|0N|`exit|`lb|`lb1|"b"|2130706689i|`nwatterson|0i|"0i"|3314448 67108864 67108864 0 0|0N|""
2020.02.28D11:35:41.170977000|5|3|`exit|`lb|`lb1|"c"|2130706689i|`nwatterson|0i|"0i"|3314576 67108864 67108864 0 0|13|""
2020.02.28D11:36:26.835253000|1|0N|`ps|`lb|`lb1|"b"|2130706689i|`nwatterson|0i|"`.sub.checksubscriptions`"|3309136 67108864 67108864 0 0|0N|""
2020.02.28D11:36:26.835600000|1|46|`ps|`lb|`lb1|"c"|2130706689i|`nwatterson|0i|"`.sub.checksubscriptions`"|3309520 67108864 67108864 0 0|10|""
2020.02.28D11:36:26.835887000|2|0N|`ps|`lb|`lb1|"b"|2130706689i|`nwatterson|0i|"`.hb.checkheartbeat`"|3310048 67108864 67108864 0 0|0N|""
2020.02.28D11:36:26.836224000|2|129|`ps|`lb|`lb1|"c"|2130706689i|`nwatterson|0i|"`.hb.checkheartbeat`"|3310560 67108864 67108864 0 0|10|""
2020.02.28D11:36:36.835120000|3|0N|`ps|`lb|`lb1|"b"|2130706689i|`nwatterson|0i|"`.sub.checksubscriptions`"|3310656 67108864 67108864 0 0|0N|""
2020.02.28D11:36:36.835503000|3|45|`ps|`lb|`lb1|"c"|2130706689i|`nwatterson|0i|"`.sub.checksubscriptions`"|3310880 67108864 67108864 0 0|10|""
2020.02.28D11:36:37.035900000|4|0N|`ps|`lb|`lb1|"b"|2130706689i|`nwatterson|0i|"`.hb.checkheartbeat`"|3310976 67108864 67108864 0 0|0N|""
2020.02.28D11:36:37.036381000|4|112|`ps|`lb|`lb1|"c"|2130706689i|`nwatterson|0i|"`.hb.checkheartbeat`"|3311840 67108864 67108864 0 0|10|""
2020.02.28D11:36:46.835130000|5|0N|`ps|`lb|`lb1|"b"|2130706689i|`nwatterson|0i|"`.hb.publishheartbeat`"|3311936 67108864 67108864 0 0|0N|""
2020.02.28D11:36:46.835465000|5|50|`ps|`lb|`lb1|"c"|2130706689i|`nwatterson|0i|"`.hb.publishheartbeat`"|3312096 67108864 67108864 0 0|10|""
2020.02.28D11:36:46.835713000|6|0N|`ps|`lb|`lb1|"b"|2130706689i|`nwatterson|0i|"`.sub.checksubscriptions`"|3312192 67108864 67108864 0 0|0N|""
2020.02.28D11:36:46.835990000|6|28|`ps|`lb|`lb1|"c"|2130706689i|`nwatterson|0i|"`.sub.checksubscriptions`"|3312352 67108864 67108864 0 0|10|""
2020.02.28D11:36:47.235169000|7|0N|`ps|`lb|`lb1|"b"|2130706689i|`nwatterson|0i|"`.hb.checkheartbeat`"|3312448 67108864 67108864 0 0|0N|""
2020.02.28D11:36:47.235562000|7|110|`ps|`lb|`lb1|"c"|2130706689i|`nwatterson|0i|"`.hb.checkheartbeat`"|3312736 67108864 67108864 0 0|10|""
2020.02.28D11:36:56.835111000|8|0N|`ps|`lb|`lb1|"b"|2130706689i|`nwatterson|0i|"`.sub.checksubscriptions`"|3312832 67108864 67108864 0 0|0N|""
2020.02.28D11:36:56.835444000|8|42|`ps|`lb|`lb1|"c"|2130706689i|`nwatterson|0i|"`.sub.checksubscriptions`"|3314400 67108864 67108864 0 0|10|""
2020.02.28D11:36:57.435164000|9|0N|`ps|`lb|`lb1|"b"|2130706689i|`nwatterson|0i|"`.hb.checkheartbeat`"|3314496 67108864 67108864 0 0|0N|""
2020.02.28D11:36:57.435600000|9|112|`ps|`lb|`lb1|"c"|2130706689i|`nwatterson|0i|"`.hb.checkheartbeat`"|3314688 67108864 67108864 0 0|10|""
2020.02.28D11:37:06.835177000|10|0N|`ps|`lb|`lb1|"b"|2130706689i|`nwatterson|0i|"`.sub.checksubscriptions`"|3314784 67108864 67108864 0 0|0N|""
2020.02.28D11:37:06.835504000|10|42|`ps|`lb|`lb1|"c"|2130706689i|`nwatterson|0i|"`.sub.checksubscriptions`"|3314944 67108864 67108864 0 0|10|""
2020.02.28D11:37:07.635150000|11|0N|`ps|`lb|`lb1|"b"|2130706689i|`nwatterson|0i|"`.hb.checkheartbeat`"|3315040 67108864 67108864 0 0|0N|""
2020.02.28D11:37:07.635529000|11|103|`ps|`lb|`lb1|"c"|2130706689i|`nwatterson|0i|"`.hb.checkheartbeat`"|3315200 67108864 67108864 0 0|10|""
2020.02.28D11:37:16.835143000|12|0N|`ps|`lb|`lb1|"b"|2130706689i|`nwatterson|0i|"`.sub.checksubscriptions`"|3315296 67108864 67108864 0 0|0N|""
2020.02.28D11:37:16.835470000|12|41|`ps|`lb|`lb1|"c"|2130706689i|`nwatterson|0i|"`.sub.checksubscriptions`"|3315456 67108864 67108864 0 0|10|""
2020.02.28D11:37:17.035786000|13|0N|`ps|`lb|`lb1|"b"|2130706689i|`nwatterson|0i|"`.hb.publishheartbeat`"|3315552 67108864 67108864 0 0|0N|""
2020.02.28D11:37:17.036203000|13|57|`ps|`lb|`lb1|"c"|2130706689i|`nwatterson|0i|"`.hb.publishheartbeat`"|3315712 67108864 67108864 0 0|10|""
2020.02.28D11:37:17.835113000|14|0N|`ps|`lb|`lb1|"b"|2130706689i|`nwatterson|0i|"`.hb.checkheartbeat`"|3315808 67108864 67108864 0 0|0N|""
2020.02.28D11:37:17.835491000|14|104|`ps|`lb|`lb1|"c"|2130706689i|`nwatterson|0i|"`.hb.checkheartbeat`"|3315968 67108864 67108864 0 0|10|""
2020.02.28D11:37:26.835117000|15|0N|`ps|`lb|`lb1|"b"|2130706689i|`nwatterson|0i|"`.sub.checksubscriptions`"|3316064 67108864 67108864 0 0|0N|""
2020.02.28D11:37:26.835496000|15|40|`ps|`lb|`lb1|"c"|2130706689i|`nwatterson|0i|"`.sub.checksubscriptions`"|3316480 67108864 67108864 0 0|10|""
2020.02.28D11:37:28.035154000|16|0N|`ps|`lb|`lb1|"b"|2130706689i|`nwatterson|0i|"`.hb.checkheartbeat`"|3316576 67108864 67108864 0 0|0N|""
2020.02.28D11:37:28.035586000|16|109|`ps|`lb|`lb1|"c"|2130706689i|`nwatterson|0i|"`.hb.checkheartbeat`"|3319552 67108864 67108864 0 0|10|""
2020.02.28D11:37:36.835151000|17|0N|`ps|`lb|`lb1|"b"|2130706689i|`nwatterson|0i|"`.sub.checksubscriptions`"|3319648 67108864 67108864 0 0|0N|""
2020.02.28D11:37:36.835471000|17|40|`ps|`lb|`lb1|"c"|2130706689i|`nwatterson|0i|"`.sub.checksubscriptions`"|3319808 67108864 67108864 0 0|10|""
2020.02.28D11:37:38.235124000|18|0N|`ps|`lb|`lb1|"b"|2130706689i|`nwatterson|0i|"`.hb.checkheartbeat`"|3319904 67108864 67108864 0 0|0N|""
2020.02.28D11:37:38.235517000|18|109|`ps|`lb|`lb1|"c"|2130706689i|`nwatterson|0i|"`.hb.checkheartbeat`"|3320064 67108864 67108864 0 0|10|""
2020.02.28D11:37:46.835162000|19|0N|`ps|`lb|`lb1|"b"|2130706689i|`nwatterson|0i|"`.sub.checksubscriptions`"|3320160 67108864 67108864 0 0|0N|""
2020.02.28D11:37:46.835544000|19|45|`ps|`lb|`lb1|"c"|2130706689i|`nwatterson|0i|"`.sub.checksubscriptions`"|3320320 67108864 67108864 0 0|10|""
2020.02.28D11:37:47.235153000|20|0N|`ps|`lb|`lb1|"b"|2130706689i|`nwatterson|0i|"`.hb.publishheartbeat`"|3320416 67108864 67108864 0 0|0N|""
2020.02.28D11:37:47.235528000|20|55|`ps|`lb|`lb1|"c"|2130706689i|`nwatterson|0i|"`.hb.publishheartbeat`"|3320576 67108864 67108864 0 0|10|""
2020.02.28D11:37:48.435129000|21|0N|`ps|`lb|`lb1|"b"|2130706689i|`nwatterson|0i|"`.hb.checkheartbeat`"|3320672 67108864 67108864 0 0|0N|""
2020.02.28D11:37:48.435565000|21|110|`ps|`lb|`lb1|"c"|2130706689i|`nwatterson|0i|"`.hb.checkheartbeat`"|3320832 67108864 67108864 0 0|10|""
2020.02.28D11:37:56.835176000|22|0N|`ps|`lb|`lb1|"b"|2130706689i|`nwatterson|0i|"`.sub.checksubscriptions`"|3320928 67108864 67108864 0 0|0N|""
2020.02.28D11:37:56.835520000|22|46|`ps|`lb|`lb1|"c"|2130706689i|`nwatterson|0i|"`.sub.checksubscriptions`"|3321088 67108864 67108864 0 0|10|""
2020.02.28D11:37:58.635109000|23|0N|`ps|`lb|`lb1|"b"|2130706689i|`nwatterson|0i|"`.hb.checkheartbeat`"|3321184 67108864 67108864 0 0|0N|""
2020.02.28D11:37:58.635487000|23|103|`ps|`lb|`lb1|"c"|2130706689i|`nwatterson|0i|"`.hb.checkheartbeat`"|3321344 67108864 67108864 0 0|10|""
2020.02.28D11:38:06.835063000|24|0N|`ps|`lb|`lb1|"b"|2130706689i|`nwatterson|0i|"`.sub.checksubscriptions`"|3321440 67108864 67108864 0 0|0N|""
2020.02.28D11:38:06.835431000|24|41|`ps|`lb|`lb1|"c"|2130706689i|`nwatterson|0i|"`.sub.checksubscriptions`"|3321600 67108864 67108864 0 0|10|""
2020.02.28D11:38:08.835110000|25|0N|`ps|`lb|`lb1|"b"|2130706689i|`nwatterson|0i|"`.hb.checkheartbeat`"|3321696 67108864 67108864 0 0|0N|""
2020.02.28D11:38:08.835539000|25|107|`ps|`lb|`lb1|"c"|2130706689i|`nwatterson|0i|"`.hb.checkheartbeat`"|3321920 67108864 67108864 0 0|10|""
2020.02.28D11:38:16.835160000|26|0N|`ps|`lb|`lb1|"b"|2130706689i|`nwatterson|0i|"`.sub.checksubscriptions`"|3322016 67108864 67108864 0 0|0N|""
2020.02.28D11:38:16.835534000|26|43|`ps|`lb|`lb1|"c"|2130706689i|`nwatterson|0i|"`.sub.checksubscriptions`"|3322176 67108864 67108864 0 0|10|""
2020.02.28D11:38:17.435148000|27|0N|`ps|`lb|`lb1|"b"|2130706689i|`nwatterson|0i|"`.hb.publishheartbeat`"|3322272 67108864 67108864 0 0|0N|""
2020.02.28D11:38:17.435518000|27|53|`ps|`lb|`lb1|"c"|2130706689i|`nwatterson|0i|"`.hb.publishheartbeat`"|3322432 67108864 67108864 0 0|10|""
2020.02.28D11:38:19.035170000|28|0N|`ps|`lb|`lb1|"b"|2130706689i|`nwatterson|0i|"`.hb.checkheartbeat`"|3322528 67108864 67108864 0 0|0N|""
2020.02.28D11:38:19.035619000|28|116|`ps|`lb|`lb1|"c"|2130706689i|`nwatterson|0i|"`.hb.checkheartbeat`"|3322688 67108864 67108864 0 0|10|""
2020.02.28D11:38:26.835184000|29|0N|`ps|`lb|`lb1|"b"|2130706689i|`nwatterson|0i|"`.sub.checksubscriptions`"|3322784 67108864 67108864 0 0|0N|""
2020.02.28D11:38:26.835525000|29|45|`ps|`lb|`lb1|"c"|2130706689i|`nwatterson|0i|"`.sub.checksubscriptions`"|3322944 67108864 67108864 0 0|10|""
2020.02.28D11:38:29.235116000|30|0N|`ps|`lb|`lb1|"b"|2130706689i|`nwatterson|0i|"`.hb.checkheartbeat`"|3323040 67108864 67108864 0 0|0N|""
2020.02.28D11:38:29.235517000|30|116|`ps|`lb|`lb1|"c"|2130706689i|`nwatterson|0i|"`.hb.checkheartbeat`"|3323200 67108864 67108864 0 0|10|""
2020.02.28D11:38:36.835140000|31|0N|`ps|`lb|`lb1|"b"|2130706689i|`nwatterson|0i|"`.sub.checksubscriptions`"|3323296 67108864 67108864 0 0|0N|""
2020.02.28D11:38:36.835462000|31|40|`ps|`lb|`lb1|"c"|2130706689i|`nwatterson|0i|"`.sub.checksubscriptions`"|3323968 67108864 67108864 0 0|10|""
2020.02.28D11:38:39.435096000|32|0N|`ps|`lb|`lb1|"b"|2130706689i|`nwatterson|0i|"`.hb.checkheartbeat`"|3324064 67108864 67108864 0 0|0N|""
2020.02.28D11:38:39.435278000|32|56|`ps|`lb|`lb1|"c"|2130706689i|`nwatterson|0i|"`.hb.checkheartbeat`"|3329856 67108864 67108864 0 0|10|""
2020.02.28D11:38:46.834957000|33|0N|`ps|`lb|`lb1|"b"|2130706689i|`nwatterson|0i|"`.sub.checksubscriptions`"|3329952 67108864 67108864 0 0|0N|""
2020.02.28D11:38:46.835299000|33|41|`ps|`lb|`lb1|"c"|2130706689i|`nwatterson|0i|"`.sub.checksubscriptions`"|3330112 67108864 67108864 0 0|10|""
2020.02.28D11:38:47.635107000|34|0N|`ps|`lb|`lb1|"b"|2130706689i|`nwatterson|0i|"`.hb.publishheartbeat`"|3330208 67108864 67108864 0 0|0N|""
2020.02.28D11:38:47.635474000|34|51|`ps|`lb|`lb1|"c"|2130706689i|`nwatterson|0i|"`.hb.publishheartbeat`"|3330368 67108864 67108864 0 0|10|""
2020.02.28D11:38:49.635125000|35|0N|`ps|`lb|`lb1|"b"|2130706689i|`nwatterson|0i|"`.hb.checkheartbeat`"|3330464 67108864 67108864 0 0|0N|""
2020.02.28D11:38:49.635536000|35|111|`ps|`lb|`lb1|"c"|2130706689i|`nwatterson|0i|"`.hb.checkheartbeat`"|3330624 67108864 67108864 0 0|10|""
2020.02.28D11:38:56.835122000|36|0N|`ps|`lb|`lb1|"b"|2130706689i|`nwatterson|0i|"`.sub.checksubscriptions`"|3330720 67108864 67108864 0 0|0N|""
2020.02.28D11:38:56.835461000|36|43|`ps|`lb|`lb1|"c"|2130706689i|`nwatterson|0i|"`.sub.checksubscriptions`"|3330880 67108864 67108864 0 0|10|""
2020.02.28D11:38:59.835206000|37|0N|`ps|`lb|`lb1|"b"|2130706689i|`nwatterson|0i|"`.hb.checkheartbeat`"|3330976 67108864 67108864 0 0|0N|""
2020.02.28D11:38:59.835605000|37|109|`ps|`lb|`lb1|"c"|2130706689i|`nwatterson|0i|"`.hb.checkheartbeat`"|3331136 67108864 67108864 0 0|10|""
2020.02.28D11:39:06.835110000|38|0N|`ps|`lb|`lb1|"b"|2130706689i|`nwatterson|0i|"`.sub.checksubscriptions`"|3331232 67108864 67108864 0 0|0N|""
2020.02.28D11:39:06.835433000|38|39|`ps|`lb|`lb1|"c"|2130706689i|`nwatterson|0i|"`.sub.checksubscriptions`"|3331392 67108864 67108864 0 0|10|""
2020.02.28D11:39:10.035127000|39|0N|`ps|`lb|`lb1|"b"|2130706689i|`nwatterson|0i|"`.hb.checkheartbeat`"|3331488 67108864 67108864 0 0|0N|""
2020.02.28D11:39:10.035537000|39|121|`ps|`lb|`lb1|"c"|2130706689i|`nwatterson|0i|"`.hb.checkheartbeat`"|3331648 67108864 67108864 0 0|10|""
2020.02.28D11:39:16.835159000|40|0N|`ps|`lb|`lb1|"b"|2130706689i|`nwatterson|0i|"`.sub.checksubscriptions`"|3331744 67108864 67108864 0 0|0N|""
2020.02.28D11:39:16.835487000|40|41|`ps|`lb|`lb1|"c"|2130706689i|`nwatterson|0i|"`.sub.checksubscriptions`"|3331904 67108864 67108864 0 0|10|""
2020.02.28D11:39:17.835136000|41|0N|`ps|`lb|`lb1|"b"|2130706689i|`nwatterson|0i|"`.hb.publishheartbeat`"|3332000 67108864 67108864 0 0|0N|""
2020.02.28D11:39:17.835476000|41|54|`ps|`lb|`lb1|"c"|2130706689i|`nwatterson|0i|"`.hb.publishheartbeat`"|3332160 67108864 67108864 0 0|10|""
2020.02.28D11:39:20.235155000|42|0N|`ps|`lb|`lb1|"b"|2130706689i|`nwatterson|0i|"`.hb.checkheartbeat`"|3332256 67108864 67108864 0 0|0N|""
2020.02.28D11:39:20.235571000|42|107|`ps|`lb|`lb1|"c"|2130706689i|`nwatterson|0i|"`.hb.checkheartbeat`"|3332416 67108864 67108864 0 0|10|""
2020.02.28D11:39:26.835160000|43|0N|`ps|`lb|`lb1|"b"|2130706689i|`nwatterson|0i|"`.sub.checksubscriptions`"|3332512 67108864 67108864 0 0|0N|""
2020.02.28D11:39:26.835499000|43|45|`ps|`lb|`lb1|"c"|2130706689i|`nwatterson|0i|"`.sub.checksubscriptions`"|3332672 67108864 67108864 0 0|10|""
2020.02.28D11:39:30.435142000|44|0N|`ps|`lb|`lb1|"b"|2130706689i|`nwatterson|0i|"`.hb.checkheartbeat`"|3332768 67108864 67108864 0 0|0N|""
2020.02.28D11:39:30.435529000|44|99|`ps|`lb|`lb1|"c"|2130706689i|`nwatterson|0i|"`.hb.checkheartbeat`"|3332928 67108864 67108864 0 0|10|""
2020.02.28D11:39:36.835149000|45|0N|`ps|`lb|`lb1|"b"|2130706689i|`nwatterson|0i|"`.sub.checksubscriptions`"|3333024 67108864 67108864 0 0|0N|""
2020.02.28D11:39:36.835484000|45|43|`ps|`lb|`lb1|"c"|2130706689i|`nwatterson|0i|"`.sub.checksubscriptions`"|3333184 67108864 67108864 0 0|10|""
2020.02.28D11:39:40.635143000|46|0N|`ps|`lb|`lb1|"b"|2130706689i|`nwatterson|0i|"`.hb.checkheartbeat`"|3333280 67108864 67108864 0 0|0N|""
2020.02.28D11:39:40.635515000|46|102|`ps|`lb|`lb1|"c"|2130706689i|`nwatterson|0i|"`.hb.checkheartbeat`"|3333440 67108864 67108864 0 0|10|""
2020.02.28D11:39:46.835137000|47|0N|`ps|`lb|`lb1|"b"|2130706689i|`nwatterson|0i|"`.sub.checksubscriptions`"|3333536 67108864 67108864 0 0|0N|""
2020.02.28D11:39:46.835452000|47|38|`ps|`lb|`lb1|"c"|2130706689i|`nwatterson|0i|"`.sub.checksubscriptions`"|3333696 67108864 67108864 0 0|10|""
2020.02.28D11:39:48.035142000|48|0N|`ps|`lb|`lb1|"b"|2130706689i|`nwatterson|0i|"`.hb.publishheartbeat`"|3333792 67108864 67108864 0 0|0N|""
2020.02.28D11:39:48.035506000|48|51|`ps|`lb|`lb1|"c"|2130706689i|`nwatterson|0i|"`.hb.publishheartbeat`"|3333952 67108864 67108864 0 0|10|""
2020.02.28D11:39:50.835102000|49|0N|`ps|`lb|`lb1|"b"|2130706689i|`nwatterson|0i|"`.hb.checkheartbeat`"|3334048 67108864 67108864 0 0|0N|""
2020.02.28D11:39:50.835515000|49|101|`ps|`lb|`lb1|"c"|2130706689i|`nwatterson|0i|"`.hb.checkheartbeat`"|3334208 67108864 67108864 0 0|10|""
2020.02.28D11:39:56.835164000|50|0N|`ps|`lb|`lb1|"b"|2130706689i|`nwatterson|0i|"`.sub.checksubscriptions`"|3334304 67108864 67108864 0 0|0N|""
2020.02.28D11:39:56.835499000|50|44|`ps|`lb|`lb1|"c"|2130706689i|`nwatterson|0i|"`.sub.checksubscriptions`"|3334464 67108864 67108864 0 0|10|""
2020.02.28D11:40:01.035096000|51|0N|`ps|`lb|`lb1|"b"|2130706689i|`nwatterson|0i|"`.hb.checkheartbeat`"|3334560 67108864 67108864 0 0|0N|""
2020.02.28D11:40:01.035467000|51|102|`ps|`lb|`lb1|"c"|2130706689i|`nwatterson|0i|"`.hb.checkheartbeat`"|3334720 67108864 67108864 0 0|10|""
2020.02.28D11:40:06.835082000|52|0N|`ps|`lb|`lb1|"b"|2130706689i|`nwatterson|0i|"`.sub.checksubscriptions`"|3334816 67108864 67108864 0 0|0N|""
2020.02.28D11:40:06.835251000|52|23|`ps|`lb|`lb1|"c"|2130706689i|`nwatterson|0i|"`.sub.checksubscriptions`"|3334976 67108864 67108864 0 0|10|""
2020.02.28D11:40:11.235101000|53|0N|`ps|`lb|`lb1|"b"|2130706689i|`nwatterson|0i|"`.hb.checkheartbeat`"|3335072 67108864 67108864 0 0|0N|""
2020.02.28D11:40:11.235456000|53|96|`ps|`lb|`lb1|"c"|2130706689i|`nwatterson|0i|"`.hb.checkheartbeat`"|3335232 67108864 67108864 0 0|10|""
2020.02.28D11:40:16.835149000|54|0N|`ps|`lb|`lb1|"b"|2130706689i|`nwatterson|0i|"`.sub.checksubscriptions`"|3335328 67108864 67108864 0 0|0N|""
2020.02.28D11:40:16.835470000|54|40|`ps|`lb|`lb1|"c"|2130706689i|`nwatterson|0i|"`.sub.checksubscriptions`"|3335488 67108864 67108864 0 0|10|""
2020.02.28D11:40:18.235155000|55|0N|`ps|`lb|`lb1|"b"|2130706689i|`nwatterson|0i|"`.hb.publishheartbeat`"|3335584 67108864 67108864 0 0|0N|""
2020.02.28D11:40:18.235489000|55|56|`ps|`lb|`lb1|"c"|2130706689i|`nwatterson|0i|"`.hb.publishheartbeat`"|3335744 67108864 67108864 0 0|10|""
2020.02.28D11:40:21.435103000|56|0N|`ps|`lb|`lb1|"b"|2130706689i|`nwatterson|0i|"`.hb.checkheartbeat`"|3335840 67108864 67108864 0 0|0N|""
2020.02.28D11:40:21.435472000|56|98|`ps|`lb|`lb1|"c"|2130706689i|`nwatterson|0i|"`.hb.checkheartbeat`"|3336000 67108864 67108864 0 0|10|""
2020.02.28D11:40:26.835115000|57|0N|`ps|`lb|`lb1|"b"|2130706689i|`nwatterson|0i|"`.sub.checksubscriptions`"|3336096 67108864 67108864 0 0|0N|""
2020.02.28D11:40:26.835449000|57|40|`ps|`lb|`lb1|"c"|2130706689i|`nwatterson|0i|"`.sub.checksubscriptions`"|3336384 67108864 67108864 0 0|10|""
2020.02.28D11:40:31.635178000|58|0N|`ps|`lb|`lb1|"b"|2130706689i|`nwatterson|0i|"`.hb.checkheartbeat`"|3336480 67108864 67108864 0 0|0N|""
2020.02.28D11:40:31.635578000|58|110|`ps|`lb|`lb1|"c"|2130706689i|`nwatterson|0i|"`.hb.checkheartbeat`"|3336640 67108864 67108864 0 0|10|""
2020.02.28D11:40:36.835140000|59|0N|`ps|`lb|`lb1|"b"|2130706689i|`nwatterson|0i|"`.sub.checksubscriptions`"|3336736 67108864 67108864 0 0|0N|""
2020.02.28D11:40:36.835461000|59|41|`ps|`lb|`lb1|"c"|2130706689i|`nwatterson|0i|"`.sub.checksubscriptions`"|3336896 67108864 67108864 0 0|10|""
2020.02.28D11:40:41.835123000|60|0N|`ps|`lb|`lb1|"b"|2130706689i|`nwatterson|0i|"`.hb.checkheartbeat`"|3336992 67108864 67108864 0 0|0N|""
2020.02.28D11:40:41.835515000|60|108|`ps|`lb|`lb1|"c"|2130706689i|`nwatterson|0i|"`.hb.checkheartbeat`"|3337152 67108864 67108864 0 0|10|""
2020.02.28D11:40:45.869696000|61|0N|`exit|`lb|`lb1|"b"|2130706689i|`nwatterson|0i|"0i"|3339728 67108864 67108864 0 0|0N|""
2020.02.28D11:40:45.870020000|61|5|`exit|`lb|`lb1|"c"|2130706689i|`nwatterson|0i|"0i"|3339856 67108864 67108864 0 0|13|""
2020.02.28D11:40:59.680063000|1|0N|`ps|`lb|`lb1|"b"|2130706689i|`nwatterson|0i|"`.sub.checksubscriptions`"|3309136 67108864 67108864 0 0|0N|""
2020.02.28D11:40:59.680406000|1|41|`ps|`lb|`lb1|"c"|2130706689i|`nwatterson|0i|"`.sub.checksubscriptions`"|3309520 67108864 67108864 0 0|10|""
2020.02.28D11:40:59.680690000|2|0N|`ps|`lb|`lb1|"b"|2130706689i|`nwatterson|0i|"`.hb.checkheartbeat`"|3310048 67108864 67108864 0 0|0N|""
2020.02.28D11:40:59.680982000|2|86|`ps|`lb|`lb1|"c"|2130706689i|`nwatterson|0i|"`.hb.checkheartbeat`"|3310560 67108864 67108864 0 0|10|""
2020.02.28D11:41:09.680002000|3|0N|`ps|`lb|`lb1|"b"|2130706689i|`nwatterson|0i|"`.sub.checksubscriptions`"|3310656 67108864 67108864 0 0|0N|""
2020.02.28D11:41:09.680384000|3|40|`ps|`lb|`lb1|"c"|2130706689i|`nwatterson|0i|"`.sub.checksubscriptions`"|3310880 67108864 67108864 0 0|10|""
2020.02.28D11:41:09.880781000|4|0N|`ps|`lb|`lb1|"b"|2130706689i|`nwatterson|0i|"`.hb.checkheartbeat`"|3310976 67108864 67108864 0 0|0N|""
2020.02.28D11:41:09.881132000|4|94|`ps|`lb|`lb1|"c"|2130706689i|`nwatterson|0i|"`.hb.checkheartbeat`"|3311840 67108864 67108864 0 0|10|""
2020.02.28D11:41:19.680024000|5|0N|`ps|`lb|`lb1|"b"|2130706689i|`nwatterson|0i|"`.hb.publishheartbeat`"|3311936 67108864 67108864 0 0|0N|""
2020.02.28D11:41:19.680372000|5|51|`ps|`lb|`lb1|"c"|2130706689i|`nwatterson|0i|"`.hb.publishheartbeat`"|3312096 67108864 67108864 0 0|10|""
2020.02.28D11:41:19.680624000|6|0N|`ps|`lb|`lb1|"b"|2130706689i|`nwatterson|0i|"`.sub.checksubscriptions`"|3312192 67108864 67108864 0 0|0N|""
2020.02.28D11:41:19.680859000|6|26|`ps|`lb|`lb1|"c"|2130706689i|`nwatterson|0i|"`.sub.checksubscriptions`"|3312352 67108864 67108864 0 0|10|""
2020.02.28D11:41:20.079991000|7|0N|`ps|`lb|`lb1|"b"|2130706689i|`nwatterson|0i|"`.hb.checkheartbeat`"|3312448 67108864 67108864 0 0|0N|""
2020.02.28D11:41:20.080381000|7|100|`ps|`lb|`lb1|"c"|2130706689i|`nwatterson|0i|"`.hb.checkheartbeat`"|3312736 67108864 67108864 0 0|10|""
2020.02.28D11:41:29.679982000|8|0N|`ps|`lb|`lb1|"b"|2130706689i|`nwatterson|0i|"`.sub.checksubscriptions`"|3312832 67108864 67108864 0 0|0N|""
2020.02.28D11:41:29.680464000|8|41|`ps|`lb|`lb1|"c"|2130706689i|`nwatterson|0i|"`.sub.checksubscriptions`"|3314400 67108864 67108864 0 0|10|""
2020.02.28D11:41:30.279969000|9|0N|`ps|`lb|`lb1|"b"|2130706689i|`nwatterson|0i|"`.hb.checkheartbeat`"|3314496 67108864 67108864 0 0|0N|""
2020.02.28D11:41:30.280362000|9|96|`ps|`lb|`lb1|"c"|2130706689i|`nwatterson|0i|"`.hb.checkheartbeat`"|3314688 67108864 67108864 0 0|10|""
2020.02.28D11:41:37.488830000|10|0N|`exit|`lb|`lb1|"b"|2130706689i|`nwatterson|0i|"0i"|3317264 67108864 67108864 0 0|0N|""
2020.02.28D11:41:37.489097000|10|3|`exit|`lb|`lb1|"c"|2130706689i|`nwatterson|0i|"0i"|3317392 67108864 67108864 0 0|13|""
2020.02.28D11:43:31.608574000|1|0N|`exit|`lb|`lb1|"b"|2130706689i|`nwatterson|0i|"0i"|3310000 67108864 67108864 0 0|0N|""
2020.02.28D11:43:31.608853000|1|3|`exit|`lb|`lb1|"c"|2130706689i|`nwatterson|0i|"0i"|3310352 67108864 67108864 0 0|13|""
2020.02.28D11:44:41.761305000|1|0N|`ps|`lb|`lb1|"b"|2130706689i|`nwatterson|0i|"`.sub.checksubscriptions`"|3311616 67108864 67108864 0 0|0N|""
2020.02.28D11:44:41.761627000|1|43|`ps|`lb|`lb1|"c"|2130706689i|`nwatterson|0i|"`.sub.checksubscriptions`"|3312000 67108864 67108864 0 0|10|""
2020.02.28D11:44:41.761921000|2|0N|`ps|`lb|`lb1|"b"|2130706689i|`nwatterson|0i|"`.hb.checkheartbeat`"|3312528 67108864 67108864 0 0|0N|""
2020.02.28D11:44:41.762209000|2|83|`ps|`lb|`lb1|"c"|2130706689i|`nwatterson|0i|"`.hb.checkheartbeat`"|3313040 67108864 67108864 0 0|10|""
2020.02.28D11:44:51.761189000|3|0N|`ps|`lb|`lb1|"b"|2130706689i|`nwatterson|0i|"`.sub.checksubscriptions`"|3313136 67108864 67108864 0 0|0N|""
2020.02.28D11:44:51.761532000|3|34|`ps|`lb|`lb1|"c"|2130706689i|`nwatterson|0i|"`.sub.checksubscriptions`"|3313360 67108864 67108864 0 0|10|""
2020.02.28D11:44:51.961901000|4|0N|`ps|`lb|`lb1|"b"|2130706689i|`nwatterson|0i|"`.hb.checkheartbeat`"|3313456 67108864 67108864 0 0|0N|""
2020.02.28D11:44:51.962258000|4|91|`ps|`lb|`lb1|"c"|2130706689i|`nwatterson|0i|"`.hb.checkheartbeat`"|3314320 67108864 67108864 0 0|10|""
2020.02.28D11:45:01.761211000|5|0N|`ps|`lb|`lb1|"b"|2130706689i|`nwatterson|0i|"`.hb.publishheartbeat`"|3314672 67108864 67108864 0 0|0N|""
2020.02.28D11:45:01.761530000|5|46|`ps|`lb|`lb1|"c"|2130706689i|`nwatterson|0i|"`.hb.publishheartbeat`"|3314832 67108864 67108864 0 0|10|""
2020.02.28D11:45:01.761803000|6|0N|`ps|`lb|`lb1|"b"|2130706689i|`nwatterson|0i|"`.sub.checksubscriptions`"|3314928 67108864 67108864 0 0|0N|""
2020.02.28D11:45:01.762036000|6|27|`ps|`lb|`lb1|"c"|2130706689i|`nwatterson|0i|"`.sub.checksubscriptions`"|3315088 67108864 67108864 0 0|10|""
2020.02.28D11:45:02.161207000|7|0N|`ps|`lb|`lb1|"b"|2130706689i|`nwatterson|0i|"`.hb.checkheartbeat`"|3315184 67108864 67108864 0 0|0N|""
2020.02.28D11:45:02.161583000|7|94|`ps|`lb|`lb1|"c"|2130706689i|`nwatterson|0i|"`.hb.checkheartbeat`"|3315472 67108864 67108864 0 0|10|""
2020.02.28D11:45:11.761201000|8|0N|`ps|`lb|`lb1|"b"|2130706689i|`nwatterson|0i|"`.sub.checksubscriptions`"|3315568 67108864 67108864 0 0|0N|""
2020.02.28D11:45:11.761522000|8|36|`ps|`lb|`lb1|"c"|2130706689i|`nwatterson|0i|"`.sub.checksubscriptions`"|3317136 67108864 67108864 0 0|10|""
2020.02.28D11:45:12.361170000|9|0N|`ps|`lb|`lb1|"b"|2130706689i|`nwatterson|0i|"`.hb.checkheartbeat`"|3317232 67108864 67108864 0 0|0N|""
2020.02.28D11:45:12.361455000|9|71|`ps|`lb|`lb1|"c"|2130706689i|`nwatterson|0i|"`.hb.checkheartbeat`"|3317424 67108864 67108864 0 0|10|""
2020.02.28D11:45:21.761202000|10|0N|`ps|`lb|`lb1|"b"|2130706689i|`nwatterson|0i|"`.sub.checksubscriptions`"|3317520 67108864 67108864 0 0|0N|""
2020.02.28D11:45:21.761552000|10|35|`ps|`lb|`lb1|"c"|2130706689i|`nwatterson|0i|"`.sub.checksubscriptions`"|3317680 67108864 67108864 0 0|10|""
2020.02.28D11:45:22.561202000|11|0N|`ps|`lb|`lb1|"b"|2130706689i|`nwatterson|0i|"`.hb.checkheartbeat`"|3317776 67108864 67108864 0 0|0N|""
2020.02.28D11:45:22.561503000|11|73|`ps|`lb|`lb1|"c"|2130706689i|`nwatterson|0i|"`.hb.checkheartbeat`"|3317936 67108864 67108864 0 0|10|""
2020.02.28D11:45:31.761189000|12|0N|`ps|`lb|`lb1|"b"|2130706689i|`nwatterson|0i|"`.sub.checksubscriptions`"|3318032 67108864 67108864 0 0|0N|""
2020.02.28D11:45:31.761325000|12|15|`ps|`lb|`lb1|"c"|2130706689i|`nwatterson|0i|"`.sub.checksubscriptions`"|3318192 67108864 67108864 0 0|10|""
2020.02.28D11:45:31.961471000|13|0N|`ps|`lb|`lb1|"b"|2130706689i|`nwatterson|0i|"`.hb.publishheartbeat`"|3318288 67108864 67108864 0 0|0N|""
2020.02.28D11:45:31.961597000|13|22|`ps|`lb|`lb1|"c"|2130706689i|`nwatterson|0i|"`.hb.publishheartbeat`"|3318448 67108864 67108864 0 0|10|""
2020.02.28D11:45:32.761193000|14|0N|`ps|`lb|`lb1|"b"|2130706689i|`nwatterson|0i|"`.hb.checkheartbeat`"|3318544 67108864 67108864 0 0|0N|""
2020.02.28D11:45:32.761543000|14|92|`ps|`lb|`lb1|"c"|2130706689i|`nwatterson|0i|"`.hb.checkheartbeat`"|3318704 67108864 67108864 0 0|10|""
2020.02.28D11:45:41.761187000|15|0N|`ps|`lb|`lb1|"b"|2130706689i|`nwatterson|0i|"`.sub.checksubscriptions`"|3318800 67108864 67108864 0 0|0N|""
2020.02.28D11:45:41.761477000|15|33|`ps|`lb|`lb1|"c"|2130706689i|`nwatterson|0i|"`.sub.checksubscriptions`"|3319216 67108864 67108864 0 0|10|""
2020.02.28D11:45:42.961199000|16|0N|`ps|`lb|`lb1|"b"|2130706689i|`nwatterson|0i|"`.hb.checkheartbeat`"|3319312 67108864 67108864 0 0|0N|""
2020.02.28D11:45:42.961574000|16|93|`ps|`lb|`lb1|"c"|2130706689i|`nwatterson|0i|"`.hb.checkheartbeat`"|3322288 67108864 67108864 0 0|10|""
2020.02.28D11:45:51.761220000|17|0N|`ps|`lb|`lb1|"b"|2130706689i|`nwatterson|0i|"`.sub.checksubscriptions`"|3322384 67108864 67108864 0 0|0N|""
2020.02.28D11:45:51.761594000|17|39|`ps|`lb|`lb1|"c"|2130706689i|`nwatterson|0i|"`.sub.checksubscriptions`"|3322544 67108864 67108864 0 0|10|""
2020.02.28D11:45:53.161202000|18|0N|`ps|`lb|`lb1|"b"|2130706689i|`nwatterson|0i|"`.hb.checkheartbeat`"|3322640 67108864 67108864 0 0|0N|""
2020.02.28D11:45:53.161559000|18|92|`ps|`lb|`lb1|"c"|2130706689i|`nwatterson|0i|"`.hb.checkheartbeat`"|3322800 67108864 67108864 0 0|10|""
2020.02.28D11:46:01.761218000|19|0N|`ps|`lb|`lb1|"b"|2130706689i|`nwatterson|0i|"`.sub.checksubscriptions`"|3322896 67108864 67108864 0 0|0N|""
2020.02.28D11:46:01.761353000|19|18|`ps|`lb|`lb1|"c"|2130706689i|`nwatterson|0i|"`.sub.checksubscriptions`"|3323056 67108864 67108864 0 0|10|""
2020.02.28D11:46:02.161201000|20|0N|`ps|`lb|`lb1|"b"|2130706689i|`nwatterson|0i|"`.hb.publishheartbeat`"|3323152 67108864 67108864 0 0|0N|""
2020.02.28D11:46:02.161514000|20|46|`ps|`lb|`lb1|"c"|2130706689i|`nwatterson|0i|"`.hb.publishheartbeat`"|3323312 67108864 67108864 0 0|10|""
2020.02.28D11:46:03.361210000|21|0N|`ps|`lb|`lb1|"b"|2130706689i|`nwatterson|0i|"`.hb.checkheartbeat`"|3323408 67108864 67108864 0 0|0N|""
2020.02.28D11:46:03.361630000|21|100|`ps|`lb|`lb1|"c"|2130706689i|`nwatterson|0i|"`.hb.checkheartbeat`"|3323568 67108864 67108864 0 0|10|""
2020.02.28D11:46:11.761207000|22|0N|`ps|`lb|`lb1|"b"|2130706689i|`nwatterson|0i|"`.sub.checksubscriptions`"|3323664 67108864 67108864 0 0|0N|""
2020.02.28D11:46:11.761533000|22|35|`ps|`lb|`lb1|"c"|2130706689i|`nwatterson|0i|"`.sub.checksubscriptions`"|3323824 67108864 67108864 0 0|10|""
2020.02.28D11:46:13.561231000|23|0N|`ps|`lb|`lb1|"b"|2130706689i|`nwatterson|0i|"`.hb.checkheartbeat`"|3323920 67108864 67108864 0 0|0N|""
2020.02.28D11:46:13.561611000|23|100|`ps|`lb|`lb1|"c"|2130706689i|`nwatterson|0i|"`.hb.checkheartbeat`"|3324080 67108864 67108864 0 0|10|""
2020.02.28D11:46:21.761200000|24|0N|`ps|`lb|`lb1|"b"|2130706689i|`nwatterson|0i|"`.sub.checksubscriptions`"|3324176 67108864 67108864 0 0|0N|""
2020.02.28D11:46:21.761511000|24|36|`ps|`lb|`lb1|"c"|2130706689i|`nwatterson|0i|"`.sub.checksubscriptions`"|3324336 67108864 67108864 0 0|10|""
2020.02.28D11:46:23.761187000|25|0N|`ps|`lb|`lb1|"b"|2130706689i|`nwatterson|0i|"`.hb.checkheartbeat`"|3324432 67108864 67108864 0 0|0N|""
2020.02.28D11:46:23.761546000|25|92|`ps|`lb|`lb1|"c"|2130706689i|`nwatterson|0i|"`.hb.checkheartbeat`"|3324656 67108864 67108864 0 0|10|""
2020.02.28D11:46:31.761196000|26|0N|`ps|`lb|`lb1|"b"|2130706689i|`nwatterson|0i|"`.sub.checksubscriptions`"|3324752 67108864 67108864 0 0|0N|""
2020.02.28D11:46:31.761487000|26|34|`ps|`lb|`lb1|"c"|2130706689i|`nwatterson|0i|"`.sub.checksubscriptions`"|3324912 67108864 67108864 0 0|10|""
2020.02.28D11:46:32.361196000|27|0N|`ps|`lb|`lb1|"b"|2130706689i|`nwatterson|0i|"`.hb.publishheartbeat`"|3325008 67108864 67108864 0 0|0N|""
2020.02.28D11:46:32.361484000|27|43|`ps|`lb|`lb1|"c"|2130706689i|`nwatterson|0i|"`.hb.publishheartbeat`"|3325168 67108864 67108864 0 0|10|""
2020.02.28D11:46:33.961246000|28|0N|`ps|`lb|`lb1|"b"|2130706689i|`nwatterson|0i|"`.hb.checkheartbeat`"|3325264 67108864 67108864 0 0|0N|""
2020.02.28D11:46:33.961609000|28|94|`ps|`lb|`lb1|"c"|2130706689i|`nwatterson|0i|"`.hb.checkheartbeat`"|3325424 67108864 67108864 0 0|10|""
2020.02.28D11:46:41.761195000|29|0N|`ps|`lb|`lb1|"b"|2130706689i|`nwatterson|0i|"`.sub.checksubscriptions`"|3325520 67108864 67108864 0 0|0N|""
2020.02.28D11:46:41.761437000|29|32|`ps|`lb|`lb1|"c"|2130706689i|`nwatterson|0i|"`.sub.checksubscriptions`"|3325680 67108864 67108864 0 0|10|""
2020.02.28D11:46:44.161220000|30|0N|`ps|`lb|`lb1|"b"|2130706689i|`nwatterson|0i|"`.hb.checkheartbeat`"|3325776 67108864 67108864 0 0|0N|""
2020.02.28D11:46:44.161633000|30|99|`ps|`lb|`lb1|"c"|2130706689i|`nwatterson|0i|"`.hb.checkheartbeat`"|3325936 67108864 67108864 0 0|10|""
2020.02.28D11:46:51.761218000|31|0N|`ps|`lb|`lb1|"b"|2130706689i|`nwatterson|0i|"`.sub.checksubscriptions`"|3326032 67108864 67108864 0 0|0N|""
2020.02.28D11:46:51.761573000|31|38|`ps|`lb|`lb1|"c"|2130706689i|`nwatterson|0i|"`.sub.checksubscriptions`"|3326704 67108864 67108864 0 0|10|""
2020.02.28D11:46:54.361266000|32|0N|`ps|`lb|`lb1|"b"|2130706689i|`nwatterson|0i|"`.hb.checkheartbeat`"|3326800 67108864 67108864 0 0|0N|""
2020.02.28D11:46:54.361655000|32|102|`ps|`lb|`lb1|"c"|2130706689i|`nwatterson|0i|"`.hb.checkheartbeat`"|3332592 67108864 67108864 0 0|10|""
2020.02.28D11:47:01.761189000|33|0N|`ps|`lb|`lb1|"b"|2130706689i|`nwatterson|0i|"`.sub.checksubscriptions`"|3332688 67108864 67108864 0 0|0N|""
2020.02.28D11:47:01.761417000|33|32|`ps|`lb|`lb1|"c"|2130706689i|`nwatterson|0i|"`.sub.checksubscriptions`"|3332848 67108864 67108864 0 0|10|""
2020.02.28D11:47:02.561190000|34|0N|`ps|`lb|`lb1|"b"|2130706689i|`nwatterson|0i|"`.hb.publishheartbeat`"|3332944 67108864 67108864 0 0|0N|""
2020.02.28D11:47:02.561418000|34|40|`ps|`lb|`lb1|"c"|2130706689i|`nwatterson|0i|"`.hb.publishheartbeat`"|3333104 67108864 67108864 0 0|10|""
2020.02.28D11:47:04.561255000|35|0N|`ps|`lb|`lb1|"b"|2130706689i|`nwatterson|0i|"`.hb.checkheartbeat`"|3333200 67108864 67108864 0 0|0N|""
2020.02.28D11:47:04.561631000|35|98|`ps|`lb|`lb1|"c"|2130706689i|`nwatterson|0i|"`.hb.checkheartbeat`"|3333360 67108864 67108864 0 0|10|""
2020.02.28D11:47:11.761263000|36|0N|`ps|`lb|`lb1|"b"|2130706689i|`nwatterson|0i|"`.sub.checksubscriptions`"|3333456 67108864 67108864 0 0|0N|""
2020.02.28D11:47:11.761595000|36|40|`ps|`lb|`lb1|"c"|2130706689i|`nwatterson|0i|"`.sub.checksubscriptions`"|3333616 67108864 67108864 0 0|10|""
2020.02.28D11:47:14.761258000|37|0N|`ps|`lb|`lb1|"b"|2130706689i|`nwatterson|0i|"`.hb.checkheartbeat`"|3333712 67108864 67108864 0 0|0N|""
2020.02.28D11:47:14.761638000|37|99|`ps|`lb|`lb1|"c"|2130706689i|`nwatterson|0i|"`.hb.checkheartbeat`"|3333872 67108864 67108864 0 0|10|""
2020.02.28D11:47:21.761148000|38|0N|`ps|`lb|`lb1|"b"|2130706689i|`nwatterson|0i|"`.sub.checksubscriptions`"|3333968 67108864 67108864 0 0|0N|""
2020.02.28D11:47:21.761272000|38|18|`ps|`lb|`lb1|"c"|2130706689i|`nwatterson|0i|"`.sub.checksubscriptions`"|3334128 67108864 67108864 0 0|10|""
2020.02.28D11:47:24.961190000|39|0N|`ps|`lb|`lb1|"b"|2130706689i|`nwatterson|0i|"`.hb.checkheartbeat`"|3334224 67108864 67108864 0 0|0N|""
2020.02.28D11:47:24.961492000|39|90|`ps|`lb|`lb1|"c"|2130706689i|`nwatterson|0i|"`.hb.checkheartbeat`"|3334384 67108864 67108864 0 0|10|""
2020.02.28D11:47:31.761194000|40|0N|`ps|`lb|`lb1|"b"|2130706689i|`nwatterson|0i|"`.sub.checksubscriptions`"|3334480 67108864 67108864 0 0|0N|""
2020.02.28D11:47:31.761412000|40|17|`ps|`lb|`lb1|"c"|2130706689i|`nwatterson|0i|"`.sub.checksubscriptions`"|3334640 67108864 67108864 0 0|10|""
2020.02.28D11:47:32.761203000|41|0N|`ps|`lb|`lb1|"b"|2130706689i|`nwatterson|0i|"`.hb.publishheartbeat`"|3334736 67108864 67108864 0 0|0N|""
2020.02.28D11:47:32.761514000|41|44|`ps|`lb|`lb1|"c"|2130706689i|`nwatterson|0i|"`.hb.publishheartbeat`"|3334896 67108864 67108864 0 0|10|""
2020.02.28D11:47:35.161252000|42|0N|`ps|`lb|`lb1|"b"|2130706689i|`nwatterson|0i|"`.hb.checkheartbeat`"|3334992 67108864 67108864 0 0|0N|""
2020.02.28D11:47:35.161637000|42|101|`ps|`lb|`lb1|"c"|2130706689i|`nwatterson|0i|"`.hb.checkheartbeat`"|3335152 67108864 67108864 0 0|10|""
2020.02.28D11:47:41.761185000|43|0N|`ps|`lb|`lb1|"b"|2130706689i|`nwatterson|0i|"`.sub.checksubscriptions`"|3335248 67108864 67108864 0 0|0N|""
2020.02.28D11:47:41.761504000|43|39|`ps|`lb|`lb1|"c"|2130706689i|`nwatterson|0i|"`.sub.checksubscriptions`"|3335408 67108864 67108864 0 0|10|""
2020.02.28D11:47:45.361211000|44|0N|`ps|`lb|`lb1|"b"|2130706689i|`nwatterson|0i|"`.hb.checkheartbeat`"|3335504 67108864 67108864 0 0|0N|""
2020.02.28D11:47:45.361610000|44|96|`ps|`lb|`lb1|"c"|2130706689i|`nwatterson|0i|"`.hb.checkheartbeat`"|3335664 67108864 67108864 0 0|10|""
2020.02.28D11:47:51.761207000|45|0N|`ps|`lb|`lb1|"b"|2130706689i|`nwatterson|0i|"`.sub.checksubscriptions`"|3335760 67108864 67108864 0 0|0N|""
2020.02.28D11:47:51.761596000|45|38|`ps|`lb|`lb1|"c"|2130706689i|`nwatterson|0i|"`.sub.checksubscriptions`"|3335920 67108864 67108864 0 0|10|""
2020.02.28D11:47:55.561212000|46|0N|`ps|`lb|`lb1|"b"|2130706689i|`nwatterson|0i|"`.hb.checkheartbeat`"|3336016 67108864 67108864 0 0|0N|""
2020.02.28D11:47:55.561578000|46|93|`ps|`lb|`lb1|"c"|2130706689i|`nwatterson|0i|"`.hb.checkheartbeat`"|3336176 67108864 67108864 0 0|10|""
2020.02.28D11:48:01.761221000|47|0N|`ps|`lb|`lb1|"b"|2130706689i|`nwatterson|0i|"`.sub.checksubscriptions`"|3336272 67108864 67108864 0 0|0N|""
2020.02.28D11:48:01.761587000|47|39|`ps|`lb|`lb1|"c"|2130706689i|`nwatterson|0i|"`.sub.checksubscriptions`"|3336432 67108864 67108864 0 0|10|""
2020.02.28D11:48:02.961251000|48|0N|`ps|`lb|`lb1|"b"|2130706689i|`nwatterson|0i|"`.hb.publishheartbeat`"|3336528 67108864 67108864 0 0|0N|""
2020.02.28D11:48:02.961574000|48|48|`ps|`lb|`lb1|"c"|2130706689i|`nwatterson|0i|"`.hb.publishheartbeat`"|3336688 67108864 67108864 0 0|10|""
2020.02.28D11:48:05.761187000|49|0N|`ps|`lb|`lb1|"b"|2130706689i|`nwatterson|0i|"`.hb.checkheartbeat`"|3336784 67108864 67108864 0 0|0N|""
2020.02.28D11:48:05.761556000|49|92|`ps|`lb|`lb1|"c"|2130706689i|`nwatterson|0i|"`.hb.checkheartbeat`"|3336944 67108864 67108864 0 0|10|""
2020.02.28D11:48:11.761243000|50|0N|`ps|`lb|`lb1|"b"|2130706689i|`nwatterson|0i|"`.sub.checksubscriptions`"|3337040 67108864 67108864 0 0|0N|""
2020.02.28D11:48:11.761556000|50|38|`ps|`lb|`lb1|"c"|2130706689i|`nwatterson|0i|"`.sub.checksubscriptions`"|3337200 67108864 67108864 0 0|10|""
2020.02.28D11:48:15.961257000|51|0N|`ps|`lb|`lb1|"b"|2130706689i|`nwatterson|0i|"`.hb.checkheartbeat`"|3337296 67108864 67108864 0 0|0N|""
2020.02.28D11:48:15.961644000|51|102|`ps|`lb|`lb1|"c"|2130706689i|`nwatterson|0i|"`.hb.checkheartbeat`"|3337456 67108864 67108864 0 0|10|""
2020.02.28D11:48:21.761220000|52|0N|`ps|`lb|`lb1|"b"|2130706689i|`nwatterson|0i|"`.sub.checksubscriptions`"|3337552 67108864 67108864 0 0|0N|""
2020.02.28D11:48:21.761562000|52|35|`ps|`lb|`lb1|"c"|2130706689i|`nwatterson|0i|"`.sub.checksubscriptions`"|3337712 67108864 67108864 0 0|10|""
2020.02.28D11:48:26.161203000|53|0N|`ps|`lb|`lb1|"b"|2130706689i|`nwatterson|0i|"`.hb.checkheartbeat`"|3337808 67108864 67108864 0 0|0N|""
2020.02.28D11:48:26.161589000|53|101|`ps|`lb|`lb1|"c"|2130706689i|`nwatterson|0i|"`.hb.checkheartbeat`"|3337968 67108864 67108864 0 0|10|""
2020.02.28D11:48:31.761189000|54|0N|`ps|`lb|`lb1|"b"|2130706689i|`nwatterson|0i|"`.sub.checksubscriptions`"|3338064 67108864 67108864 0 0|0N|""
2020.02.28D11:48:31.761519000|54|40|`ps|`lb|`lb1|"c"|2130706689i|`nwatterson|0i|"`.sub.checksubscriptions`"|3338224 67108864 67108864 0 0|10|""
2020.02.28D11:48:33.161007000|55|0N|`ps|`lb|`lb1|"b"|2130706689i|`nwatterson|0i|"`.hb.publishheartbeat`"|3338320 67108864 67108864 0 0|0N|""
2020.02.28D11:48:33.161290000|55|42|`ps|`lb|`lb1|"c"|2130706689i|`nwatterson|0i|"`.hb.publishheartbeat`"|3338480 67108864 67108864 0 0|10|""
2020.02.28D11:48:36.361199000|56|0N|`ps|`lb|`lb1|"b"|2130706689i|`nwatterson|0i|"`.hb.checkheartbeat`"|3338576 67108864 67108864 0 0|0N|""
2020.02.28D11:48:36.361544000|56|90|`ps|`lb|`lb1|"c"|2130706689i|`nwatterson|0i|"`.hb.checkheartbeat`"|3338736 67108864 67108864 0 0|10|""
2020.02.28D11:48:41.761191000|57|0N|`ps|`lb|`lb1|"b"|2130706689i|`nwatterson|0i|"`.sub.checksubscriptions`"|3338832 67108864 67108864 0 0|0N|""
2020.02.28D11:48:41.761481000|57|33|`ps|`lb|`lb1|"c"|2130706689i|`nwatterson|0i|"`.sub.checksubscriptions`"|3339120 67108864 67108864 0 0|10|""
2020.02.28D11:48:46.561204000|58|0N|`ps|`lb|`lb1|"b"|2130706689i|`nwatterson|0i|"`.hb.checkheartbeat`"|3339216 67108864 67108864 0 0|0N|""
2020.02.28D11:48:46.561570000|58|93|`ps|`lb|`lb1|"c"|2130706689i|`nwatterson|0i|"`.hb.checkheartbeat`"|3339376 67108864 67108864 0 0|10|""
2020.02.28D11:48:51.761175000|59|0N|`ps|`lb|`lb1|"b"|2130706689i|`nwatterson|0i|"`.sub.checksubscriptions`"|3339472 67108864 67108864 0 0|0N|""
2020.02.28D11:48:51.761480000|59|30|`ps|`lb|`lb1|"c"|2130706689i|`nwatterson|0i|"`.sub.checksubscriptions`"|3339632 67108864 67108864 0 0|10|""
2020.02.28D11:48:56.761204000|60|0N|`ps|`lb|`lb1|"b"|2130706689i|`nwatterson|0i|"`.hb.checkheartbeat`"|3339728 67108864 67108864 0 0|0N|""
2020.02.28D11:48:56.761385000|60|47|`ps|`lb|`lb1|"c"|2130706689i|`nwatterson|0i|"`.hb.checkheartbeat`"|3339888 67108864 67108864 0 0|10|""
2020.02.28D11:49:01.761247000|61|0N|`ps|`lb|`lb1|"b"|2130706689i|`nwatterson|0i|"`.sub.checksubscriptions`"|3339984 67108864 67108864 0 0|0N|""
2020.02.28D11:49:01.761508000|61|24|`ps|`lb|`lb1|"c"|2130706689i|`nwatterson|0i|"`.sub.checksubscriptions`"|3340144 67108864 67108864 0 0|10|""
2020.02.28D11:49:03.361184000|62|0N|`ps|`lb|`lb1|"b"|2130706689i|`nwatterson|0i|"`.hb.publishheartbeat`"|3340240 67108864 67108864 0 0|0N|""
2020.02.28D11:49:03.361399000|62|34|`ps|`lb|`lb1|"c"|2130706689i|`nwatterson|0i|"`.hb.publishheartbeat`"|3340400 67108864 67108864 0 0|10|""
2020.02.28D11:49:06.961188000|63|0N|`ps|`lb|`lb1|"b"|2130706689i|`nwatterson|0i|"`.hb.checkheartbeat`"|3340496 67108864 67108864 0 0|0N|""
2020.02.28D11:49:06.961454000|63|74|`ps|`lb|`lb1|"c"|2130706689i|`nwatterson|0i|"`.hb.checkheartbeat`"|3341680 67108864 67108864 0 0|10|""
2020.02.28D11:49:11.761201000|64|0N|`ps|`lb|`lb1|"b"|2130706689i|`nwatterson|0i|"`.sub.checksubscriptions`"|3341776 67108864 67108864 0 0|0N|""
2020.02.28D11:49:11.761484000|64|21|`ps|`lb|`lb1|"c"|2130706689i|`nwatterson|0i|"`.sub.checksubscriptions`"|3353200 67108864 67108864 0 0|10|""
2020.02.28D11:49:17.161238000|65|0N|`ps|`lb|`lb1|"b"|2130706689i|`nwatterson|0i|"`.hb.checkheartbeat`"|3353296 67108864 67108864 0 0|0N|""
2020.02.28D11:49:17.161597000|65|91|`ps|`lb|`lb1|"c"|2130706689i|`nwatterson|0i|"`.hb.checkheartbeat`"|3353456 67108864 67108864 0 0|10|""
2020.02.28D11:49:21.761222000|66|0N|`ps|`lb|`lb1|"b"|2130706689i|`nwatterson|0i|"`.sub.checksubscriptions`"|3353552 67108864 67108864 0 0|0N|""
2020.02.28D11:49:21.761544000|66|38|`ps|`lb|`lb1|"c"|2130706689i|`nwatterson|0i|"`.sub.checksubscriptions`"|3353712 67108864 67108864 0 0|10|""
2020.02.28D11:49:27.361246000|67|0N|`ps|`lb|`lb1|"b"|2130706689i|`nwatterson|0i|"`.hb.checkheartbeat`"|3353808 67108864 67108864 0 0|0N|""
2020.02.28D11:49:27.361610000|67|93|`ps|`lb|`lb1|"c"|2130706689i|`nwatterson|0i|"`.hb.checkheartbeat`"|3353968 67108864 67108864 0 0|10|""
2020.02.28D11:49:31.761215000|68|0N|`ps|`lb|`lb1|"b"|2130706689i|`nwatterson|0i|"`.servers.retrydiscovery`"|3354352 67108864 67108864 0 0|0N|""
2020.02.28D11:49:31.761558000|68|60|`ps|`lb|`lb1|"c"|2130706689i|`nwatterson|0i|"`.servers.retrydiscovery`"|3354512 67108864 67108864 0 0|10|""
2020.02.28D11:49:31.761837000|69|0N|`ps|`lb|`lb1|"b"|2130706689i|`nwatterson|0i|"`.servers.retry`"|3354608 67108864 67108864 0 0|0N|""
2020.02.28D11:49:31.762147000|69|109|`ps|`lb|`lb1|"c"|2130706689i|`nwatterson|0i|"`.servers.retry`"|3355344 67108864 67108864 0 0|10|""
2020.02.28D11:49:31.762376000|70|0N|`ps|`lb|`lb1|"b"|2130706689i|`nwatterson|0i|"`.sub.checksubscriptions`"|3355408 67108864 67108864 0 0|0N|""
2020.02.28D11:49:31.762603000|70|22|`ps|`lb|`lb1|"c"|2130706689i|`nwatterson|0i|"`.sub.checksubscriptions`"|3355568 67108864 67108864 0 0|10|""
2020.02.28D11:49:33.561180000|71|0N|`ps|`lb|`lb1|"b"|2130706689i|`nwatterson|0i|"`.hb.publishheartbeat`"|3355376 67108864 67108864 0 0|0N|""
2020.02.28D11:49:33.561379000|71|28|`ps|`lb|`lb1|"c"|2130706689i|`nwatterson|0i|"`.hb.publishheartbeat`"|3355536 67108864 67108864 0 0|10|""
2020.02.28D11:49:37.561214000|72|0N|`ps|`lb|`lb1|"b"|2130706689i|`nwatterson|0i|"`.hb.checkheartbeat`"|3355632 67108864 67108864 0 0|0N|""
2020.02.28D11:49:37.561649000|72|108|`ps|`lb|`lb1|"c"|2130706689i|`nwatterson|0i|"`.hb.checkheartbeat`"|3355792 67108864 67108864 0 0|10|""
2020.02.28D11:49:41.761207000|73|0N|`ps|`lb|`lb1|"b"|2130706689i|`nwatterson|0i|"`.sub.checksubscriptions`"|3355888 67108864 67108864 0 0|0N|""
2020.02.28D11:49:41.761524000|73|37|`ps|`lb|`lb1|"c"|2130706689i|`nwatterson|0i|"`.sub.checksubscriptions`"|3356048 67108864 67108864 0 0|10|""
2020.02.28D11:49:47.761191000|74|0N|`ps|`lb|`lb1|"b"|2130706689i|`nwatterson|0i|"`.hb.checkheartbeat`"|3356144 67108864 67108864 0 0|0N|""
2020.02.28D11:49:47.761553000|74|89|`ps|`lb|`lb1|"c"|2130706689i|`nwatterson|0i|"`.hb.checkheartbeat`"|3356304 67108864 67108864 0 0|10|""
2020.02.28D11:49:51.761210000|75|0N|`ps|`lb|`lb1|"b"|2130706689i|`nwatterson|0i|"`.sub.checksubscriptions`"|3356400 67108864 67108864 0 0|0N|""
2020.02.28D11:49:51.761530000|75|39|`ps|`lb|`lb1|"c"|2130706689i|`nwatterson|0i|"`.sub.checksubscriptions`"|3356560 67108864 67108864 0 0|10|""
2020.02.28D11:49:57.961191000|76|0N|`ps|`lb|`lb1|"b"|2130706689i|`nwatterson|0i|"`.hb.checkheartbeat`"|3356656 67108864 67108864 0 0|0N|""
2020.02.28D11:49:57.961621000|76|113|`ps|`lb|`lb1|"c"|2130706689i|`nwatterson|0i|"`.hb.checkheartbeat`"|3356816 67108864 67108864 0 0|10|""
2020.02.28D11:50:01.761199000|77|0N|`ps|`lb|`lb1|"b"|2130706689i|`nwatterson|0i|"`.sub.checksubscriptions`"|3356912 67108864 67108864 0 0|0N|""
2020.02.28D11:50:01.761565000|77|39|`ps|`lb|`lb1|"c"|2130706689i|`nwatterson|0i|"`.sub.checksubscriptions`"|3357072 67108864 67108864 0 0|10|""
2020.02.28D11:50:03.761212000|78|0N|`ps|`lb|`lb1|"b"|2130706689i|`nwatterson|0i|"`.hb.publishheartbeat`"|3357168 67108864 67108864 0 0|0N|""
2020.02.28D11:50:03.761590000|78|56|`ps|`lb|`lb1|"c"|2130706689i|`nwatterson|0i|"`.hb.publishheartbeat`"|3357328 67108864 67108864 0 0|10|""
2020.02.28D11:50:08.161196000|79|0N|`ps|`lb|`lb1|"b"|2130706689i|`nwatterson|0i|"`.hb.checkheartbeat`"|3357424 67108864 67108864 0 0|0N|""
2020.02.28D11:50:08.161573000|79|97|`ps|`lb|`lb1|"c"|2130706689i|`nwatterson|0i|"`.hb.checkheartbeat`"|3357584 67108864 67108864 0 0|10|""
2020.02.28D11:50:11.761204000|80|0N|`ps|`lb|`lb1|"b"|2130706689i|`nwatterson|0i|"`.sub.checksubscriptions`"|3357680 67108864 67108864 0 0|0N|""
2020.02.28D11:50:11.761515000|80|36|`ps|`lb|`lb1|"c"|2130706689i|`nwatterson|0i|"`.sub.checksubscriptions`"|3357840 67108864 67108864 0 0|10|""
2020.02.28D11:50:18.361214000|81|0N|`ps|`lb|`lb1|"b"|2130706689i|`nwatterson|0i|"`.hb.checkheartbeat`"|3357936 67108864 67108864 0 0|0N|""
2020.02.28D11:50:18.361600000|81|102|`ps|`lb|`lb1|"c"|2130706689i|`nwatterson|0i|"`.hb.checkheartbeat`"|3358096 67108864 67108864 0 0|10|""
2020.02.28D11:50:21.761254000|82|0N|`ps|`lb|`lb1|"b"|2130706689i|`nwatterson|0i|"`.sub.checksubscriptions`"|3358192 67108864 67108864 0 0|0N|""
2020.02.28D11:50:21.761565000|82|36|`ps|`lb|`lb1|"c"|2130706689i|`nwatterson|0i|"`.sub.checksubscriptions`"|3358352 67108864 67108864 0 0|10|""
2020.02.28D11:50:28.561187000|83|0N|`ps|`lb|`lb1|"b"|2130706689i|`nwatterson|0i|"`.hb.checkheartbeat`"|3358448 67108864 67108864 0 0|0N|""
2020.02.28D11:50:28.561510000|83|87|`ps|`lb|`lb1|"c"|2130706689i|`nwatterson|0i|"`.hb.checkheartbeat`"|3358608 67108864 67108864 0 0|10|""
2020.02.28D11:50:31.761225000|84|0N|`ps|`lb|`lb1|"b"|2130706689i|`nwatterson|0i|"`.sub.checksubscriptions`"|3358704 67108864 67108864 0 0|0N|""
2020.02.28D11:50:31.761551000|84|40|`ps|`lb|`lb1|"c"|2130706689i|`nwatterson|0i|"`.sub.checksubscriptions`"|3358864 67108864 67108864 0 0|10|""
2020.02.28D11:50:33.961146000|85|0N|`ps|`lb|`lb1|"b"|2130706689i|`nwatterson|0i|"`.hb.publishheartbeat`"|3358960 67108864 67108864 0 0|0N|""
2020.02.28D11:50:33.961270000|85|21|`ps|`lb|`lb1|"c"|2130706689i|`nwatterson|0i|"`.hb.publishheartbeat`"|3359120 67108864 67108864 0 0|10|""
2020.02.28D11:50:38.761150000|86|0N|`ps|`lb|`lb1|"b"|2130706689i|`nwatterson|0i|"`.hb.checkheartbeat`"|3359216 67108864 67108864 0 0|0N|""
2020.02.28D11:50:38.761297000|86|43|`ps|`lb|`lb1|"c"|2130706689i|`nwatterson|0i|"`.hb.checkheartbeat`"|3359376 67108864 67108864 0 0|10|""
2020.02.28D11:50:41.761252000|87|0N|`ps|`lb|`lb1|"b"|2130706689i|`nwatterson|0i|"`.sub.checksubscriptions`"|3359472 67108864 67108864 0 0|0N|""
2020.02.28D11:50:41.761565000|87|37|`ps|`lb|`lb1|"c"|2130706689i|`nwatterson|0i|"`.sub.checksubscriptions`"|3359632 67108864 67108864 0 0|10|""
2020.02.28D11:50:48.961212000|88|0N|`ps|`lb|`lb1|"b"|2130706689i|`nwatterson|0i|"`.hb.checkheartbeat`"|3359728 67108864 67108864 0 0|0N|""
2020.02.28D11:50:48.961605000|88|80|`ps|`lb|`lb1|"c"|2130706689i|`nwatterson|0i|"`.hb.checkheartbeat`"|3359888 67108864 67108864 0 0|10|""
2020.02.28D11:50:52.219039000|89|0N|`exit|`lb|`lb1|"b"|2130706689i|`nwatterson|0i|"0i"|3359552 67108864 67108864 0 0|0N|""
2020.02.28D11:50:52.219343000|89|3|`exit|`lb|`lb1|"c"|2130706689i|`nwatterson|0i|"0i"|3359680 67108864 67108864 0 0|13|""
2020.02.28D11:52:17.686323000|1|0N|`ps|`lb|`lb1|"b"|2130706689i|`nwatterson|0i|"`.sub.checksubscriptions`"|3311616 67108864 67108864 0 0|0N|""
2020.02.28D11:52:17.686712000|1|48|`ps|`lb|`lb1|"c"|2130706689i|`nwatterson|0i|"`.sub.checksubscriptions`"|3312000 67108864 67108864 0 0|10|""
2020.02.28D11:52:17.687056000|2|0N|`ps|`lb|`lb1|"b"|2130706689i|`nwatterson|0i|"`.hb.checkheartbeat`"|3312528 67108864 67108864 0 0|0N|""
2020.02.28D11:52:17.687364000|2|95|`ps|`lb|`lb1|"c"|2130706689i|`nwatterson|0i|"`.hb.checkheartbeat`"|3313040 67108864 67108864 0 0|10|""
2020.02.28D11:52:22.384505000|3|0N|`exit|`lb|`lb1|"b"|2130706689i|`nwatterson|0i|"0i"|3311520 67108864 67108864 0 0|0N|""
2020.02.28D11:52:22.384701000|3|2|`exit|`lb|`lb1|"c"|2130706689i|`nwatterson|0i|"0i"|3311712 67108864 67108864 0 0|13|""
2020.02.28D11:53:39.513624000|1|0N|`ps|`lb|`lb1|"b"|2130706689i|`nwatterson|0i|"`.sub.checksubscriptions`"|3313232 67108864 67108864 0 0|0N|""
2020.02.28D11:53:39.514010000|1|48|`ps|`lb|`lb1|"c"|2130706689i|`nwatterson|0i|"`.sub.checksubscriptions`"|3313616 67108864 67108864 0 0|10|""
2020.02.28D11:53:39.514349000|2|0N|`ps|`lb|`lb1|"b"|2130706689i|`nwatterson|0i|"`.hb.checkheartbeat`"|3314144 67108864 67108864 0 0|0N|""
2020.02.28D11:53:39.514699000|2|93|`ps|`lb|`lb1|"c"|2130706689i|`nwatterson|0i|"`.hb.checkheartbeat`"|3314656 67108864 67108864 0 0|10|""
2020.02.28D11:53:49.513499000|3|0N|`ps|`lb|`lb1|"b"|2130706689i|`nwatterson|0i|"`.sub.checksubscriptions`"|3314752 67108864 67108864 0 0|0N|""
2020.02.28D11:53:49.513807000|3|36|`ps|`lb|`lb1|"c"|2130706689i|`nwatterson|0i|"`.sub.checksubscriptions`"|3314976 67108864 67108864 0 0|10|""
2020.02.28D11:53:49.714149000|4|0N|`ps|`lb|`lb1|"b"|2130706689i|`nwatterson|0i|"`.hb.checkheartbeat`"|3315072 67108864 67108864 0 0|0N|""
2020.02.28D11:53:49.714505000|4|91|`ps|`lb|`lb1|"c"|2130706689i|`nwatterson|0i|"`.hb.checkheartbeat`"|3315936 67108864 67108864 0 0|10|""
2020.02.28D11:53:59.513537000|5|0N|`ps|`lb|`lb1|"b"|2130706689i|`nwatterson|0i|"`.hb.publishheartbeat`"|3316032 67108864 67108864 0 0|0N|""
2020.02.28D11:53:59.513858000|5|47|`ps|`lb|`lb1|"c"|2130706689i|`nwatterson|0i|"`.hb.publishheartbeat`"|3316192 67108864 67108864 0 0|10|""
2020.02.28D11:53:59.514109000|6|0N|`ps|`lb|`lb1|"b"|2130706689i|`nwatterson|0i|"`.sub.checksubscriptions`"|3316288 67108864 67108864 0 0|0N|""
2020.02.28D11:53:59.514342000|6|25|`ps|`lb|`lb1|"c"|2130706689i|`nwatterson|0i|"`.sub.checksubscriptions`"|3316448 67108864 67108864 0 0|10|""
2020.02.28D11:53:59.913534000|7|0N|`ps|`lb|`lb1|"b"|2130706689i|`nwatterson|0i|"`.hb.checkheartbeat`"|3316544 67108864 67108864 0 0|0N|""
2020.02.28D11:53:59.913976000|7|92|`ps|`lb|`lb1|"c"|2130706689i|`nwatterson|0i|"`.hb.checkheartbeat`"|3316832 67108864 67108864 0 0|10|""
2020.02.28D11:54:09.513488000|8|0N|`ps|`lb|`lb1|"b"|2130706689i|`nwatterson|0i|"`.sub.checksubscriptions`"|3316928 67108864 67108864 0 0|0N|""
2020.02.28D11:54:09.513844000|8|35|`ps|`lb|`lb1|"c"|2130706689i|`nwatterson|0i|"`.sub.checksubscriptions`"|3318496 67108864 67108864 0 0|10|""
2020.02.28D11:54:10.113527000|9|0N|`ps|`lb|`lb1|"b"|2130706689i|`nwatterson|0i|"`.hb.checkheartbeat`"|3318592 67108864 67108864 0 0|0N|""
2020.02.28D11:54:10.113882000|9|91|`ps|`lb|`lb1|"c"|2130706689i|`nwatterson|0i|"`.hb.checkheartbeat`"|3318784 67108864 67108864 0 0|10|""
2020.02.28D11:54:19.513488000|10|0N|`ps|`lb|`lb1|"b"|2130706689i|`nwatterson|0i|"`.sub.checksubscriptions`"|3318880 67108864 67108864 0 0|0N|""
2020.02.28D11:54:19.513776000|10|32|`ps|`lb|`lb1|"c"|2130706689i|`nwatterson|0i|"`.sub.checksubscriptions`"|3319040 67108864 67108864 0 0|10|""
2020.02.28D11:54:20.313527000|11|0N|`ps|`lb|`lb1|"b"|2130706689i|`nwatterson|0i|"`.hb.checkheartbeat`"|3319136 67108864 67108864 0 0|0N|""
2020.02.28D11:54:20.313881000|11|90|`ps|`lb|`lb1|"c"|2130706689i|`nwatterson|0i|"`.hb.checkheartbeat`"|3319296 67108864 67108864 0 0|10|""
2020.02.28D11:54:29.513499000|12|0N|`ps|`lb|`lb1|"b"|2130706689i|`nwatterson|0i|"`.sub.checksubscriptions`"|3319392 67108864 67108864 0 0|0N|""
2020.02.28D11:54:29.513805000|12|35|`ps|`lb|`lb1|"c"|2130706689i|`nwatterson|0i|"`.sub.checksubscriptions`"|3319552 67108864 67108864 0 0|10|""
2020.02.28D11:54:29.714153000|13|0N|`ps|`lb|`lb1|"b"|2130706689i|`nwatterson|0i|"`.hb.publishheartbeat`"|3319648 67108864 67108864 0 0|0N|""
2020.02.28D11:54:29.714462000|13|45|`ps|`lb|`lb1|"c"|2130706689i|`nwatterson|0i|"`.hb.publishheartbeat`"|3319808 67108864 67108864 0 0|10|""
2020.02.28D11:54:30.513540000|14|0N|`ps|`lb|`lb1|"b"|2130706689i|`nwatterson|0i|"`.hb.checkheartbeat`"|3319904 67108864 67108864 0 0|0N|""
2020.02.28D11:54:30.513899000|14|92|`ps|`lb|`lb1|"c"|2130706689i|`nwatterson|0i|"`.hb.checkheartbeat`"|3320064 67108864 67108864 0 0|10|""
2020.02.28D11:54:39.513483000|15|0N|`ps|`lb|`lb1|"b"|2130706689i|`nwatterson|0i|"`.sub.checksubscriptions`"|3320160 67108864 67108864 0 0|0N|""
2020.02.28D11:54:39.513681000|15|24|`ps|`lb|`lb1|"c"|2130706689i|`nwatterson|0i|"`.sub.checksubscriptions`"|3320576 67108864 67108864 0 0|10|""
2020.02.28D11:54:40.713489000|16|0N|`ps|`lb|`lb1|"b"|2130706689i|`nwatterson|0i|"`.hb.checkheartbeat`"|3320672 67108864 67108864 0 0|0N|""
2020.02.28D11:54:40.713842000|16|90|`ps|`lb|`lb1|"c"|2130706689i|`nwatterson|0i|"`.hb.checkheartbeat`"|3323648 67108864 67108864 0 0|10|""
2020.02.28D11:54:49.513458000|17|0N|`ps|`lb|`lb1|"b"|2130706689i|`nwatterson|0i|"`.sub.checksubscriptions`"|3323744 67108864 67108864 0 0|0N|""
2020.02.28D11:54:49.513716000|17|27|`ps|`lb|`lb1|"c"|2130706689i|`nwatterson|0i|"`.sub.checksubscriptions`"|3323904 67108864 67108864 0 0|10|""
2020.02.28D11:54:50.913495000|18|0N|`ps|`lb|`lb1|"b"|2130706689i|`nwatterson|0i|"`.hb.checkheartbeat`"|3324000 67108864 67108864 0 0|0N|""
2020.02.28D11:54:50.913849000|18|89|`ps|`lb|`lb1|"c"|2130706689i|`nwatterson|0i|"`.hb.checkheartbeat`"|3324160 67108864 67108864 0 0|10|""
2020.02.28D11:54:59.513538000|19|0N|`ps|`lb|`lb1|"b"|2130706689i|`nwatterson|0i|"`.sub.checksubscriptions`"|3324256 67108864 67108864 0 0|0N|""
2020.02.28D11:54:59.513890000|19|36|`ps|`lb|`lb1|"c"|2130706689i|`nwatterson|0i|"`.sub.checksubscriptions`"|3324416 67108864 67108864 0 0|10|""
2020.02.28D11:54:59.913490000|20|0N|`ps|`lb|`lb1|"b"|2130706689i|`nwatterson|0i|"`.hb.publishheartbeat`"|3324512 67108864 67108864 0 0|0N|""
2020.02.28D11:54:59.913851000|20|46|`ps|`lb|`lb1|"c"|2130706689i|`nwatterson|0i|"`.hb.publishheartbeat`"|3324672 67108864 67108864 0 0|10|""
2020.02.28D11:55:01.113536000|21|0N|`ps|`lb|`lb1|"b"|2130706689i|`nwatterson|0i|"`.hb.checkheartbeat`"|3324768 67108864 67108864 0 0|0N|""
2020.02.28D11:55:01.113940000|21|96|`ps|`lb|`lb1|"c"|2130706689i|`nwatterson|0i|"`.hb.checkheartbeat`"|3324928 67108864 67108864 0 0|10|""
2020.02.28D11:55:09.513529000|22|0N|`ps|`lb|`lb1|"b"|2130706689i|`nwatterson|0i|"`.sub.checksubscriptions`"|3325024 67108864 67108864 0 0|0N|""
2020.02.28D11:55:09.513888000|22|38|`ps|`lb|`lb1|"c"|2130706689i|`nwatterson|0i|"`.sub.checksubscriptions`"|3325184 67108864 67108864 0 0|10|""
2020.02.28D11:55:11.313477000|23|0N|`ps|`lb|`lb1|"b"|2130706689i|`nwatterson|0i|"`.hb.checkheartbeat`"|3325280 67108864 67108864 0 0|0N|""
2020.02.28D11:55:11.313892000|23|94|`ps|`lb|`lb1|"c"|2130706689i|`nwatterson|0i|"`.hb.checkheartbeat`"|3325440 67108864 67108864 0 0|10|""
2020.02.28D11:55:19.513537000|24|0N|`ps|`lb|`lb1|"b"|2130706689i|`nwatterson|0i|"`.sub.checksubscriptions`"|3325536 67108864 67108864 0 0|0N|""
2020.02.28D11:55:19.513889000|24|36|`ps|`lb|`lb1|"c"|2130706689i|`nwatterson|0i|"`.sub.checksubscriptions`"|3325696 67108864 67108864 0 0|10|""
2020.02.28D11:55:21.513482000|25|0N|`ps|`lb|`lb1|"b"|2130706689i|`nwatterson|0i|"`.hb.checkheartbeat`"|3325792 67108864 67108864 0 0|0N|""
2020.02.28D11:55:21.513880000|25|89|`ps|`lb|`lb1|"c"|2130706689i|`nwatterson|0i|"`.hb.checkheartbeat`"|3326016 67108864 67108864 0 0|10|""
2020.02.28D11:55:29.513494000|26|0N|`ps|`lb|`lb1|"b"|2130706689i|`nwatterson|0i|"`.sub.checksubscriptions`"|3326112 67108864 67108864 0 0|0N|""
2020.02.28D11:55:29.513818000|26|35|`ps|`lb|`lb1|"c"|2130706689i|`nwatterson|0i|"`.sub.checksubscriptions`"|3326272 67108864 67108864 0 0|10|""
2020.02.28D11:55:30.113459000|27|0N|`ps|`lb|`lb1|"b"|2130706689i|`nwatterson|0i|"`.hb.publishheartbeat`"|3326368 67108864 67108864 0 0|0N|""
2020.02.28D11:55:30.113690000|27|32|`ps|`lb|`lb1|"c"|2130706689i|`nwatterson|0i|"`.hb.publishheartbeat`"|3326528 67108864 67108864 0 0|10|""
2020.02.28D11:55:31.713526000|28|0N|`ps|`lb|`lb1|"b"|2130706689i|`nwatterson|0i|"`.hb.checkheartbeat`"|3326624 67108864 67108864 0 0|0N|""
2020.02.28D11:55:31.713887000|28|91|`ps|`lb|`lb1|"c"|2130706689i|`nwatterson|0i|"`.hb.checkheartbeat`"|3326784 67108864 67108864 0 0|10|""
2020.02.28D11:55:39.513532000|29|0N|`ps|`lb|`lb1|"b"|2130706689i|`nwatterson|0i|"`.sub.checksubscriptions`"|3326880 67108864 67108864 0 0|0N|""
2020.02.28D11:55:39.513886000|29|37|`ps|`lb|`lb1|"c"|2130706689i|`nwatterson|0i|"`.sub.checksubscriptions`"|3327040 67108864 67108864 0 0|10|""
2020.02.28D11:55:41.913522000|30|0N|`ps|`lb|`lb1|"b"|2130706689i|`nwatterson|0i|"`.hb.checkheartbeat`"|3327136 67108864 67108864 0 0|0N|""
2020.02.28D11:55:41.913880000|30|91|`ps|`lb|`lb1|"c"|2130706689i|`nwatterson|0i|"`.hb.checkheartbeat`"|3327296 67108864 67108864 0 0|10|""
2020.02.28D11:55:49.513489000|31|0N|`ps|`lb|`lb1|"b"|2130706689i|`nwatterson|0i|"`.sub.checksubscriptions`"|3327392 67108864 67108864 0 0|0N|""
2020.02.28D11:55:49.513838000|31|35|`ps|`lb|`lb1|"c"|2130706689i|`nwatterson|0i|"`.sub.checksubscriptions`"|3328064 67108864 67108864 0 0|10|""
2020.02.28D11:55:52.113484000|32|0N|`ps|`lb|`lb1|"b"|2130706689i|`nwatterson|0i|"`.hb.checkheartbeat`"|3328160 67108864 67108864 0 0|0N|""
2020.02.28D11:55:52.113887000|32|93|`ps|`lb|`lb1|"c"|2130706689i|`nwatterson|0i|"`.hb.checkheartbeat`"|3333952 67108864 67108864 0 0|10|""
2020.02.28D11:55:59.513477000|33|0N|`ps|`lb|`lb1|"b"|2130706689i|`nwatterson|0i|"`.sub.checksubscriptions`"|3334048 67108864 67108864 0 0|0N|""
2020.02.28D11:55:59.513769000|33|33|`ps|`lb|`lb1|"c"|2130706689i|`nwatterson|0i|"`.sub.checksubscriptions`"|3334208 67108864 67108864 0 0|10|""
2020.02.28D11:56:00.313438000|34|0N|`ps|`lb|`lb1|"b"|2130706689i|`nwatterson|0i|"`.hb.publishheartbeat`"|3334304 67108864 67108864 0 0|0N|""
2020.02.28D11:56:00.313558000|34|20|`ps|`lb|`lb1|"c"|2130706689i|`nwatterson|0i|"`.hb.publishheartbeat`"|3334464 67108864 67108864 0 0|10|""
2020.02.28D11:56:02.313510000|35|0N|`ps|`lb|`lb1|"b"|2130706689i|`nwatterson|0i|"`.hb.checkheartbeat`"|3334560 67108864 67108864 0 0|0N|""
2020.02.28D11:56:02.313941000|35|118|`ps|`lb|`lb1|"c"|2130706689i|`nwatterson|0i|"`.hb.checkheartbeat`"|3334720 67108864 67108864 0 0|10|""
2020.02.28D11:56:09.513541000|36|0N|`ps|`lb|`lb1|"b"|2130706689i|`nwatterson|0i|"`.sub.checksubscriptions`"|3334816 67108864 67108864 0 0|0N|""
2020.02.28D11:56:09.513857000|36|37|`ps|`lb|`lb1|"c"|2130706689i|`nwatterson|0i|"`.sub.checksubscriptions`"|3334976 67108864 67108864 0 0|10|""
2020.02.28D11:56:09.585664000|37|2|`pw|`lb|`lb1|"c"|2130706433i|`|6i|"(`discovery;\"***\")"|3335120 67108864 67108864 0 0|0N|""
2020.02.28D11:56:09.586018000|38|64|`po|`lb|`lb1|"c"|2130706433i|`discovery|6i|"6i"|3335440 67108864 67108864 0 0|0N|""
2020.02.28D11:56:09.988322000|39|0N|`pg|`lb|`lb1|"b"|2130706433i|`discovery|6i|"({.proc.getattributes[]};::)"|3336080 67108864 67108864 0 0|0N|""
2020.02.28D11:56:09.988636000|39|29|`pg|`lb|`lb1|"c"|2130706433i|`discovery|6i|"({.proc.getattributes[]};::)"|3336272 67108864 67108864 0 0|21|""
2020.02.28D11:56:09.989273000|40|0N|`pg|`lb|`lb1|"b"|2130706433i|`discovery|6i|"({$[`getdetails in key`.servers;.servers.getdetails[];(.z.f;.z.h;system\"p\"..|3337392 67108864 67108864 0 0|0N|""
2020.02.28D11:56:09.989582000|40|30|`pg|`lb|`lb1|"c"|2130706433i|`discovery|6i|"({$[`getdetails in key`.servers;.servers.getdetails[];(.z.f;.z.h;system\"p\"..|3337760 67108864 67108864 0 0|56|""
2020.02.28D11:56:09.990564000|41|0N|`ps|`lb|`lb1|"b"|2130706433i|`discovery|6i|"`.servers.autodiscovery`"|3336528 67108864 67108864 0 0|0N|""
2020.02.28D11:56:09.990841000|41|51|`ps|`lb|`lb1|"c"|2130706433i|`discovery|6i|"`.servers.autodiscovery`"|3336688 67108864 67108864 0 0|10|""
2020.02.28D11:56:12.513506000|42|0N|`ps|`lb|`lb1|"b"|2130706689i|`nwatterson|0i|"`.hb.checkheartbeat`"|3338192 67108864 67108864 0 0|0N|""
2020.02.28D11:56:12.513876000|42|98|`ps|`lb|`lb1|"c"|2130706689i|`nwatterson|0i|"`.hb.checkheartbeat`"|3338352 67108864 67108864 0 0|10|""
2020.02.28D11:56:19.513506000|43|0N|`ps|`lb|`lb1|"b"|2130706689i|`nwatterson|0i|"`.sub.checksubscriptions`"|3338448 67108864 67108864 0 0|0N|""
2020.02.28D11:56:19.513868000|43|40|`ps|`lb|`lb1|"c"|2130706689i|`nwatterson|0i|"`.sub.checksubscriptions`"|3338608 67108864 67108864 0 0|10|""
2020.02.28D11:56:22.713495000|44|0N|`ps|`lb|`lb1|"b"|2130706689i|`nwatterson|0i|"`.hb.checkheartbeat`"|3338704 67108864 67108864 0 0|0N|""
2020.02.28D11:56:22.713911000|44|103|`ps|`lb|`lb1|"c"|2130706689i|`nwatterson|0i|"`.hb.checkheartbeat`"|3338864 67108864 67108864 0 0|10|""
2020.02.28D11:56:29.513534000|45|0N|`ps|`lb|`lb1|"b"|2130706689i|`nwatterson|0i|"`.sub.checksubscriptions`"|3338960 67108864 67108864 0 0|0N|""
2020.02.28D11:56:29.513856000|45|40|`ps|`lb|`lb1|"c"|2130706689i|`nwatterson|0i|"`.sub.checksubscriptions`"|3339120 67108864 67108864 0 0|10|""
2020.02.28D11:56:30.513499000|46|0N|`ps|`lb|`lb1|"b"|2130706689i|`nwatterson|0i|"`.hb.publishheartbeat`"|3339216 67108864 67108864 0 0|0N|""
2020.02.28D11:56:30.513834000|46|50|`ps|`lb|`lb1|"c"|2130706689i|`nwatterson|0i|"`.hb.publishheartbeat`"|3339376 67108864 67108864 0 0|10|""
2020.02.28D11:56:32.913494000|47|0N|`ps|`lb|`lb1|"b"|2130706689i|`nwatterson|0i|"`.hb.checkheartbeat`"|3339472 67108864 67108864 0 0|0N|""
2020.02.28D11:56:32.913864000|47|114|`ps|`lb|`lb1|"c"|2130706689i|`nwatterson|0i|"`.hb.checkheartbeat`"|3339632 67108864 67108864 0 0|10|""
2020.02.28D11:56:39.513363000|48|0N|`ps|`lb|`lb1|"b"|2130706689i|`nwatterson|0i|"`.sub.checksubscriptions`"|3339728 67108864 67108864 0 0|0N|""
2020.02.28D11:56:39.513748000|48|39|`ps|`lb|`lb1|"c"|2130706689i|`nwatterson|0i|"`.sub.checksubscriptions`"|3339888 67108864 67108864 0 0|10|""
2020.02.28D11:56:43.113449000|49|0N|`ps|`lb|`lb1|"b"|2130706689i|`nwatterson|0i|"`.hb.checkheartbeat`"|3339984 67108864 67108864 0 0|0N|""
2020.02.28D11:56:43.113813000|49|98|`ps|`lb|`lb1|"c"|2130706689i|`nwatterson|0i|"`.hb.checkheartbeat`"|3340144 67108864 67108864 0 0|10|""
2020.02.28D11:56:49.513487000|50|0N|`ps|`lb|`lb1|"b"|2130706689i|`nwatterson|0i|"`.sub.checksubscriptions`"|3340240 67108864 67108864 0 0|0N|""
2020.02.28D11:56:49.513804000|50|39|`ps|`lb|`lb1|"c"|2130706689i|`nwatterson|0i|"`.sub.checksubscriptions`"|3340400 67108864 67108864 0 0|10|""
2020.02.28D11:56:53.313542000|51|0N|`ps|`lb|`lb1|"b"|2130706689i|`nwatterson|0i|"`.hb.checkheartbeat`"|3340496 67108864 67108864 0 0|0N|""
2020.02.28D11:56:53.313925000|51|102|`ps|`lb|`lb1|"c"|2130706689i|`nwatterson|0i|"`.hb.checkheartbeat`"|3340656 67108864 67108864 0 0|10|""
2020.02.28D11:56:59.513486000|52|0N|`ps|`lb|`lb1|"b"|2130706689i|`nwatterson|0i|"`.sub.checksubscriptions`"|3340752 67108864 67108864 0 0|0N|""
2020.02.28D11:56:59.513844000|52|39|`ps|`lb|`lb1|"c"|2130706689i|`nwatterson|0i|"`.sub.checksubscriptions`"|3340912 67108864 67108864 0 0|10|""
2020.02.28D11:57:00.713546000|53|0N|`ps|`lb|`lb1|"b"|2130706689i|`nwatterson|0i|"`.hb.publishheartbeat`"|3341008 67108864 67108864 0 0|0N|""
2020.02.28D11:57:00.713912000|53|50|`ps|`lb|`lb1|"c"|2130706689i|`nwatterson|0i|"`.hb.publishheartbeat`"|3341168 67108864 67108864 0 0|10|""
2020.02.28D11:57:03.513451000|54|0N|`ps|`lb|`lb1|"b"|2130706689i|`nwatterson|0i|"`.hb.checkheartbeat`"|3341264 67108864 67108864 0 0|0N|""
2020.02.28D11:57:03.513692000|54|65|`ps|`lb|`lb1|"c"|2130706689i|`nwatterson|0i|"`.hb.checkheartbeat`"|3341424 67108864 67108864 0 0|10|""
2020.02.28D11:57:09.513483000|55|0N|`ps|`lb|`lb1|"b"|2130706689i|`nwatterson|0i|"`.sub.checksubscriptions`"|3341520 67108864 67108864 0 0|0N|""
2020.02.28D11:57:09.513801000|55|40|`ps|`lb|`lb1|"c"|2130706689i|`nwatterson|0i|"`.sub.checksubscriptions`"|3341680 67108864 67108864 0 0|10|""
2020.02.28D11:57:13.713529000|56|0N|`ps|`lb|`lb1|"b"|2130706689i|`nwatterson|0i|"`.hb.checkheartbeat`"|3341776 67108864 67108864 0 0|0N|""
2020.02.28D11:57:13.713949000|56|104|`ps|`lb|`lb1|"c"|2130706689i|`nwatterson|0i|"`.hb.checkheartbeat`"|3341936 67108864 67108864 0 0|10|""
2020.02.28D11:57:19.513499000|57|0N|`ps|`lb|`lb1|"b"|2130706689i|`nwatterson|0i|"`.sub.checksubscriptions`"|3342032 67108864 67108864 0 0|0N|""
2020.02.28D11:57:19.513857000|57|40|`ps|`lb|`lb1|"c"|2130706689i|`nwatterson|0i|"`.sub.checksubscriptions`"|3342192 67108864 67108864 0 0|10|""
2020.02.28D11:57:23.913501000|58|0N|`ps|`lb|`lb1|"b"|2130706689i|`nwatterson|0i|"`.hb.checkheartbeat`"|3342288 67108864 67108864 0 0|0N|""
2020.02.28D11:57:23.913874000|58|99|`ps|`lb|`lb1|"c"|2130706689i|`nwatterson|0i|"`.hb.checkheartbeat`"|3342576 67108864 67108864 0 0|10|""
2020.02.28D11:57:24.198662000|59|92|`pc|`lb|`lb1|"c"|2130706689i|`nwatterson|0i|"6i"|3340976 67108864 67108864 0 0|0N|""
2020.02.28D11:57:29.513487000|60|0N|`ps|`lb|`lb1|"b"|2130706689i|`nwatterson|0i|"`.sub.checksubscriptions`"|3342736 67108864 67108864 0 0|0N|""
2020.02.28D11:57:29.513842000|60|37|`ps|`lb|`lb1|"c"|2130706689i|`nwatterson|0i|"`.sub.checksubscriptions`"|3342896 67108864 67108864 0 0|10|""
2020.02.28D11:57:30.913504000|61|0N|`ps|`lb|`lb1|"b"|2130706689i|`nwatterson|0i|"`.hb.publishheartbeat`"|3342992 67108864 67108864 0 0|0N|""
2020.02.28D11:57:30.913830000|61|49|`ps|`lb|`lb1|"c"|2130706689i|`nwatterson|0i|"`.hb.publishheartbeat`"|3343152 67108864 67108864 0 0|10|""
2020.02.28D11:57:34.113486000|62|0N|`ps|`lb|`lb1|"b"|2130706689i|`nwatterson|0i|"`.hb.checkheartbeat`"|3343248 67108864 67108864 0 0|0N|""
2020.02.28D11:57:34.113904000|62|102|`ps|`lb|`lb1|"c"|2130706689i|`nwatterson|0i|"`.hb.checkheartbeat`"|3343408 67108864 67108864 0 0|10|""
2020.02.28D11:57:39.513523000|63|0N|`ps|`lb|`lb1|"b"|2130706689i|`nwatterson|0i|"`.sub.checksubscriptions`"|3343504 67108864 67108864 0 0|0N|""
2020.02.28D11:57:39.513842000|63|38|`ps|`lb|`lb1|"c"|2130706689i|`nwatterson|0i|"`.sub.checksubscriptions`"|3343664 67108864 67108864 0 0|10|""
2020.02.28D11:57:44.313522000|64|0N|`ps|`lb|`lb1|"b"|2130706689i|`nwatterson|0i|"`.hb.checkheartbeat`"|3343760 67108864 67108864 0 0|0N|""
2020.02.28D11:57:44.313894000|64|99|`ps|`lb|`lb1|"c"|2130706689i|`nwatterson|0i|"`.hb.checkheartbeat`"|3343920 67108864 67108864 0 0|10|""
2020.02.28D11:57:49.513434000|65|0N|`ps|`lb|`lb1|"b"|2130706689i|`nwatterson|0i|"`.sub.checksubscriptions`"|3345040 67108864 67108864 0 0|0N|""
2020.02.28D11:57:49.513752000|65|39|`ps|`lb|`lb1|"c"|2130706689i|`nwatterson|0i|"`.sub.checksubscriptions`"|3345200 67108864 67108864 0 0|10|""
2020.02.28D11:57:52.755655000|66|0N|`exit|`lb|`lb1|"b"|2130706689i|`nwatterson|0i|"0i"|3354944 67108864 67108864 0 0|0N|""
2020.02.28D11:57:52.755922000|66|3|`exit|`lb|`lb1|"c"|2130706689i|`nwatterson|0i|"0i"|3355072 67108864 67108864 0 0|13|""
2020.02.28D11:59:05.692490000|1|0N|`ps|`lb|`lb1|"b"|2130706689i|`nwatterson|0i|"`.sub.checksubscriptions`"|3309072 67108864 67108864 0 0|0N|""
2020.02.28D11:59:05.692810000|1|41|`ps|`lb|`lb1|"c"|2130706689i|`nwatterson|0i|"`.sub.checksubscriptions`"|3309456 67108864 67108864 0 0|10|""
2020.02.28D11:59:05.693101000|2|0N|`ps|`lb|`lb1|"b"|2130706689i|`nwatterson|0i|"`.hb.checkheartbeat`"|3309984 67108864 67108864 0 0|0N|""
2020.02.28D11:59:05.693396000|2|85|`ps|`lb|`lb1|"c"|2130706689i|`nwatterson|0i|"`.hb.checkheartbeat`"|3310496 67108864 67108864 0 0|10|""
2020.02.28D11:59:15.692457000|3|0N|`ps|`lb|`lb1|"b"|2130706689i|`nwatterson|0i|"`.sub.checksubscriptions`"|3314688 67108864 67108864 0 0|0N|""
2020.02.28D11:59:15.692816000|3|40|`ps|`lb|`lb1|"c"|2130706689i|`nwatterson|0i|"`.sub.checksubscriptions`"|3314912 67108864 67108864 0 0|10|""
2020.02.28D11:59:15.893228000|4|0N|`ps|`lb|`lb1|"b"|2130706689i|`nwatterson|0i|"`.hb.checkheartbeat`"|3315008 67108864 67108864 0 0|0N|""
2020.02.28D11:59:15.893637000|4|103|`ps|`lb|`lb1|"c"|2130706689i|`nwatterson|0i|"`.hb.checkheartbeat`"|3315872 67108864 67108864 0 0|10|""
2020.02.28D11:59:25.692499000|5|0N|`ps|`lb|`lb1|"b"|2130706689i|`nwatterson|0i|"`.hb.publishheartbeat`"|3315968 67108864 67108864 0 0|0N|""
2020.02.28D11:59:25.692857000|5|47|`ps|`lb|`lb1|"c"|2130706689i|`nwatterson|0i|"`.hb.publishheartbeat`"|3316128 67108864 67108864 0 0|10|""
2020.02.28D11:59:25.693156000|6|0N|`ps|`lb|`lb1|"b"|2130706689i|`nwatterson|0i|"`.sub.checksubscriptions`"|3316224 67108864 67108864 0 0|0N|""
2020.02.28D11:59:25.693474000|6|30|`ps|`lb|`lb1|"c"|2130706689i|`nwatterson|0i|"`.sub.checksubscriptions`"|3316384 67108864 67108864 0 0|10|""
2020.02.28D11:59:26.092484000|7|0N|`ps|`lb|`lb1|"b"|2130706689i|`nwatterson|0i|"`.hb.checkheartbeat`"|3316480 67108864 67108864 0 0|0N|""
2020.02.28D11:59:26.092842000|7|92|`ps|`lb|`lb1|"c"|2130706689i|`nwatterson|0i|"`.hb.checkheartbeat`"|3316768 67108864 67108864 0 0|10|""
2020.02.28D11:59:26.247788000|8|0N|`exit|`lb|`lb1|"b"|2130706689i|`nwatterson|0i|"0i"|3315248 67108864 67108864 0 0|0N|""
2020.02.28D11:59:26.248049000|8|3|`exit|`lb|`lb1|"c"|2130706689i|`nwatterson|0i|"0i"|3316784 67108864 67108864 0 0|13|""
