2020.10.14D11:03:51.067285000|1|0N|`ps|`dataaccess|`dataaccess1|"b"|2130706689i|`mmeenagh1|0i|"`.sub.checksubscriptions`"|3203760 67108864 67108864 4194304000 0|0N|""
2020.10.14D11:03:51.067655000|1|57|`ps|`dataaccess|`dataaccess1|"c"|2130706689i|`mmeenagh1|0i|"`.sub.checksubscriptions`"|3204192 67108864 67108864 4194304000 0|10|""
2020.10.14D11:03:51.067988000|2|0N|`ps|`dataaccess|`dataaccess1|"b"|2130706689i|`mmeenagh1|0i|"`.hb.checkheartbeat`"|3204720 67108864 67108864 4194304000 0|0N|""
2020.10.14D11:03:51.068316000|2|110|`ps|`dataaccess|`dataaccess1|"c"|2130706689i|`mmeenagh1|0i|"`.hb.checkheartbeat`"|3205232 67108864 67108864 4194304000 0|10|""
2020.10.14D11:04:01.067257000|3|0N|`ps|`dataaccess|`dataaccess1|"b"|2130706689i|`mmeenagh1|0i|"`.sub.checksubscriptions`"|3205328 67108864 67108864 4194304000 0|0N|""
2020.10.14D11:04:01.067679000|3|75|`ps|`dataaccess|`dataaccess1|"c"|2130706689i|`mmeenagh1|0i|"`.sub.checksubscriptions`"|3205552 67108864 67108864 4194304000 0|10|""
2020.10.14D11:04:01.268009000|4|0N|`ps|`dataaccess|`dataaccess1|"b"|2130706689i|`mmeenagh1|0i|"`.hb.checkheartbeat`"|3205648 67108864 67108864 4194304000 0|0N|""
2020.10.14D11:04:01.268467000|4|129|`ps|`dataaccess|`dataaccess1|"c"|2130706689i|`mmeenagh1|0i|"`.hb.checkheartbeat`"|3206512 67108864 67108864 4194304000 0|10|""
2020.10.14D11:04:11.067190000|5|0N|`ps|`dataaccess|`dataaccess1|"b"|2130706689i|`mmeenagh1|0i|"`.hb.publishheartbeat`"|3206608 67108864 67108864 4194304000 0|0N|""
2020.10.14D11:04:11.067537000|5|61|`ps|`dataaccess|`dataaccess1|"c"|2130706689i|`mmeenagh1|0i|"`.hb.publishheartbeat`"|3206768 67108864 67108864 4194304000 0|10|""
2020.10.14D11:04:11.067846000|6|0N|`ps|`dataaccess|`dataaccess1|"b"|2130706689i|`mmeenagh1|0i|"`.sub.checksubscriptions`"|3206864 67108864 67108864 4194304000 0|0N|""
2020.10.14D11:04:11.068105000|6|40|`ps|`dataaccess|`dataaccess1|"c"|2130706689i|`mmeenagh1|0i|"`.sub.checksubscriptions`"|3207024 67108864 67108864 4194304000 0|10|""
2020.10.14D11:04:11.467188000|7|0N|`ps|`dataaccess|`dataaccess1|"b"|2130706689i|`mmeenagh1|0i|"`.hb.checkheartbeat`"|3207120 67108864 67108864 4194304000 0|0N|""
2020.10.14D11:04:11.467622000|7|149|`ps|`dataaccess|`dataaccess1|"c"|2130706689i|`mmeenagh1|0i|"`.hb.checkheartbeat`"|3207408 67108864 67108864 4194304000 0|10|""
2020.10.14D11:04:21.067236000|8|0N|`ps|`dataaccess|`dataaccess1|"b"|2130706689i|`mmeenagh1|0i|"`.sub.checksubscriptions`"|3207504 67108864 67108864 4194304000 0|0N|""
2020.10.14D11:04:21.067615000|8|83|`ps|`dataaccess|`dataaccess1|"c"|2130706689i|`mmeenagh1|0i|"`.sub.checksubscriptions`"|3209072 67108864 67108864 4194304000 0|10|""
2020.10.14D11:04:21.667200000|9|0N|`ps|`dataaccess|`dataaccess1|"b"|2130706689i|`mmeenagh1|0i|"`.hb.checkheartbeat`"|3209168 67108864 67108864 4194304000 0|0N|""
2020.10.14D11:04:21.667632000|9|151|`ps|`dataaccess|`dataaccess1|"c"|2130706689i|`mmeenagh1|0i|"`.hb.checkheartbeat`"|3209360 67108864 67108864 4194304000 0|10|""
2020.10.14D11:04:31.067190000|10|0N|`ps|`dataaccess|`dataaccess1|"b"|2130706689i|`mmeenagh1|0i|"`.sub.checksubscriptions`"|3209456 67108864 67108864 4194304000 0|0N|""
2020.10.14D11:04:31.067551000|10|58|`ps|`dataaccess|`dataaccess1|"c"|2130706689i|`mmeenagh1|0i|"`.sub.checksubscriptions`"|3209616 67108864 67108864 4194304000 0|10|""
2020.10.14D11:04:31.867198000|11|0N|`ps|`dataaccess|`dataaccess1|"b"|2130706689i|`mmeenagh1|0i|"`.hb.checkheartbeat`"|3209712 67108864 67108864 4194304000 0|0N|""
2020.10.14D11:04:31.867618000|11|159|`ps|`dataaccess|`dataaccess1|"c"|2130706689i|`mmeenagh1|0i|"`.hb.checkheartbeat`"|3209872 67108864 67108864 4194304000 0|10|""
2020.10.14D11:04:41.067186000|12|0N|`ps|`dataaccess|`dataaccess1|"b"|2130706689i|`mmeenagh1|0i|"`.sub.checksubscriptions`"|3209968 67108864 67108864 4194304000 0|0N|""
2020.10.14D11:04:41.067531000|12|53|`ps|`dataaccess|`dataaccess1|"c"|2130706689i|`mmeenagh1|0i|"`.sub.checksubscriptions`"|3210128 67108864 67108864 4194304000 0|10|""
2020.10.14D11:04:41.267963000|13|0N|`ps|`dataaccess|`dataaccess1|"b"|2130706689i|`mmeenagh1|0i|"`.hb.publishheartbeat`"|3210224 67108864 67108864 4194304000 0|0N|""
2020.10.14D11:04:41.268329000|13|67|`ps|`dataaccess|`dataaccess1|"c"|2130706689i|`mmeenagh1|0i|"`.hb.publishheartbeat`"|3210384 67108864 67108864 4194304000 0|10|""
2020.10.14D11:04:42.067235000|14|0N|`ps|`dataaccess|`dataaccess1|"b"|2130706689i|`mmeenagh1|0i|"`.hb.checkheartbeat`"|3210480 67108864 67108864 4194304000 0|0N|""
2020.10.14D11:04:42.067665000|14|146|`ps|`dataaccess|`dataaccess1|"c"|2130706689i|`mmeenagh1|0i|"`.hb.checkheartbeat`"|3210640 67108864 67108864 4194304000 0|10|""
2020.10.14D11:04:51.067248000|15|0N|`ps|`dataaccess|`dataaccess1|"b"|2130706689i|`mmeenagh1|0i|"`.sub.checksubscriptions`"|3210736 67108864 67108864 4194304000 0|0N|""
2020.10.14D11:04:51.067618000|15|75|`ps|`dataaccess|`dataaccess1|"c"|2130706689i|`mmeenagh1|0i|"`.sub.checksubscriptions`"|3211152 67108864 67108864 4194304000 0|10|""
2020.10.14D11:04:52.267256000|16|0N|`ps|`dataaccess|`dataaccess1|"b"|2130706689i|`mmeenagh1|0i|"`.hb.checkheartbeat`"|3211248 67108864 67108864 4194304000 0|0N|""
2020.10.14D11:04:52.267696000|16|148|`ps|`dataaccess|`dataaccess1|"c"|2130706689i|`mmeenagh1|0i|"`.hb.checkheartbeat`"|3214224 67108864 67108864 4194304000 0|10|""
2020.10.14D11:05:01.067244000|17|0N|`ps|`dataaccess|`dataaccess1|"b"|2130706689i|`mmeenagh1|0i|"`.sub.checksubscriptions`"|3214320 67108864 67108864 4194304000 0|0N|""
2020.10.14D11:05:01.067608000|17|73|`ps|`dataaccess|`dataaccess1|"c"|2130706689i|`mmeenagh1|0i|"`.sub.checksubscriptions`"|3214480 67108864 67108864 4194304000 0|10|""
2020.10.14D11:05:02.467239000|18|0N|`ps|`dataaccess|`dataaccess1|"b"|2130706689i|`mmeenagh1|0i|"`.hb.checkheartbeat`"|3218672 67108864 67108864 4194304000 0|0N|""
2020.10.14D11:05:02.467682000|18|157|`ps|`dataaccess|`dataaccess1|"c"|2130706689i|`mmeenagh1|0i|"`.hb.checkheartbeat`"|3218832 67108864 67108864 4194304000 0|10|""
2020.10.14D11:05:11.067243000|19|0N|`ps|`dataaccess|`dataaccess1|"b"|2130706689i|`mmeenagh1|0i|"`.sub.checksubscriptions`"|3218928 67108864 67108864 4194304000 0|0N|""
2020.10.14D11:05:11.067610000|19|74|`ps|`dataaccess|`dataaccess1|"c"|2130706689i|`mmeenagh1|0i|"`.sub.checksubscriptions`"|3219088 67108864 67108864 4194304000 0|10|""
2020.10.14D11:05:11.467240000|20|0N|`ps|`dataaccess|`dataaccess1|"b"|2130706689i|`mmeenagh1|0i|"`.hb.publishheartbeat`"|3219184 67108864 67108864 4194304000 0|0N|""
2020.10.14D11:05:11.467606000|20|83|`ps|`dataaccess|`dataaccess1|"c"|2130706689i|`mmeenagh1|0i|"`.hb.publishheartbeat`"|3219344 67108864 67108864 4194304000 0|10|""
2020.10.14D11:05:12.366354000|21|0N|`exit|`dataaccess|`dataaccess1|"b"|2130706689i|`mmeenagh1|0i|"0i"|3217952 67108864 67108864 4194304000 0|0N|""
2020.10.14D11:05:12.366535000|21|2|`exit|`dataaccess|`dataaccess1|"c"|2130706689i|`mmeenagh1|0i|"0i"|3218080 67108864 67108864 4194304000 0|13|""
